mode: set
github.com/cmsgov/easi-app/pkg/appconfig/config.go:6.57,7.16 1 1
github.com/cmsgov/easi-app/pkg/appconfig/config.go:8.25,9.23 1 1
github.com/cmsgov/easi-app/pkg/appconfig/config.go:10.24,11.22 1 1
github.com/cmsgov/easi-app/pkg/appconfig/config.go:12.23,13.21 1 1
github.com/cmsgov/easi-app/pkg/appconfig/config.go:14.24,15.22 1 1
github.com/cmsgov/easi-app/pkg/appconfig/config.go:16.24,17.22 1 1
github.com/cmsgov/easi-app/pkg/appconfig/config.go:18.10,19.59 1 1
github.com/cmsgov/easi-app/pkg/appconfig/config.go:43.38,44.11 1 1
github.com/cmsgov/easi-app/pkg/appconfig/config.go:45.16,46.17 1 1
github.com/cmsgov/easi-app/pkg/appconfig/config.go:47.15,48.16 1 1
github.com/cmsgov/easi-app/pkg/appconfig/config.go:49.14,50.15 1 1
github.com/cmsgov/easi-app/pkg/appconfig/config.go:51.15,52.16 1 1
github.com/cmsgov/easi-app/pkg/appconfig/config.go:53.15,54.16 1 1
github.com/cmsgov/easi-app/pkg/appconfig/config.go:55.10,56.12 1 0
github.com/cmsgov/easi-app/pkg/appconfig/config.go:61.35,63.2 1 1
github.com/cmsgov/easi-app/pkg/appconfig/config.go:66.34,68.2 1 1
github.com/cmsgov/easi-app/pkg/appconfig/config.go:71.33,73.2 1 1
github.com/cmsgov/easi-app/pkg/appconfig/config.go:76.34,78.2 1 1
github.com/cmsgov/easi-app/pkg/appconfig/config.go:81.34,83.2 1 1
github.com/cmsgov/easi-app/pkg/appconfig/config.go:86.38,87.11 1 1
github.com/cmsgov/easi-app/pkg/appconfig/config.go:88.14,89.14 1 1
github.com/cmsgov/easi-app/pkg/appconfig/config.go:90.15,91.14 1 1
github.com/cmsgov/easi-app/pkg/appconfig/config.go:92.15,93.14 1 1
github.com/cmsgov/easi-app/pkg/appconfig/config.go:94.10,95.15 1 1
github.com/cmsgov/easi-app/pkg/appcontext/context.go:23.74,25.2 1 1
github.com/cmsgov/easi-app/pkg/appcontext/context.go:29.54,32.2 2 1
github.com/cmsgov/easi-app/pkg/appcontext/context.go:37.47,38.58 1 1
github.com/cmsgov/easi-app/pkg/appcontext/context.go:41.2,42.21 2 1
github.com/cmsgov/easi-app/pkg/appcontext/context.go:38.58,40.3 1 1
github.com/cmsgov/easi-app/pkg/appcontext/context.go:46.66,49.2 2 1
github.com/cmsgov/easi-app/pkg/appcontext/context.go:52.51,55.2 2 1
github.com/cmsgov/easi-app/pkg/appcontext/context.go:58.83,60.2 1 1
github.com/cmsgov/easi-app/pkg/appcontext/context.go:64.60,65.67 1 1
github.com/cmsgov/easi-app/pkg/appcontext/context.go:68.2,68.28 1 1
github.com/cmsgov/easi-app/pkg/appcontext/context.go:65.67,67.3 1 1
github.com/cmsgov/easi-app/pkg/appses/ses.go:30.38,37.2 3 0
github.com/cmsgov/easi-app/pkg/appses/ses.go:46.9,48.22 2 1
github.com/cmsgov/easi-app/pkg/appses/ses.go:51.2,74.16 3 1
github.com/cmsgov/easi-app/pkg/appses/ses.go:80.2,80.12 1 1
github.com/cmsgov/easi-app/pkg/appses/ses.go:48.22,50.3 1 0
github.com/cmsgov/easi-app/pkg/appses/ses.go:74.16,79.3 1 0
github.com/cmsgov/easi-app/pkg/appvalidation/business_case.go:13.85,16.29 2 1
github.com/cmsgov/easi-app/pkg/appvalidation/business_case.go:25.2,25.15 1 1
github.com/cmsgov/easi-app/pkg/appvalidation/business_case.go:16.29,17.24 1 1
github.com/cmsgov/easi-app/pkg/appvalidation/business_case.go:17.24,19.26 2 1
github.com/cmsgov/easi-app/pkg/appvalidation/business_case.go:22.4,22.29 1 1
github.com/cmsgov/easi-app/pkg/appvalidation/business_case.go:19.26,21.5 1 1
github.com/cmsgov/easi-app/pkg/appvalidation/business_case.go:29.79,30.59 1 1
github.com/cmsgov/easi-app/pkg/appvalidation/business_case.go:33.2,33.15 1 1
github.com/cmsgov/easi-app/pkg/appvalidation/business_case.go:30.59,32.3 1 1
github.com/cmsgov/easi-app/pkg/appvalidation/business_case.go:37.100,53.13 3 1
github.com/cmsgov/easi-app/pkg/appvalidation/business_case.go:57.2,57.38 1 1
github.com/cmsgov/easi-app/pkg/appvalidation/business_case.go:60.2,60.12 1 1
github.com/cmsgov/easi-app/pkg/appvalidation/business_case.go:53.13,55.3 1 1
github.com/cmsgov/easi-app/pkg/appvalidation/business_case.go:57.38,59.3 1 1
github.com/cmsgov/easi-app/pkg/appvalidation/business_case.go:64.69,73.13 3 1
github.com/cmsgov/easi-app/pkg/appvalidation/business_case.go:77.2,77.38 1 1
github.com/cmsgov/easi-app/pkg/appvalidation/business_case.go:80.2,80.12 1 1
github.com/cmsgov/easi-app/pkg/appvalidation/business_case.go:73.13,75.3 1 1
github.com/cmsgov/easi-app/pkg/appvalidation/business_case.go:77.38,79.3 1 1
github.com/cmsgov/easi-app/pkg/appvalidation/business_case.go:83.67,90.2 1 1
github.com/cmsgov/easi-app/pkg/appvalidation/business_case.go:94.59,96.26 2 1
github.com/cmsgov/easi-app/pkg/appvalidation/business_case.go:99.2,99.26 1 1
github.com/cmsgov/easi-app/pkg/appvalidation/business_case.go:102.2,102.26 1 1
github.com/cmsgov/easi-app/pkg/appvalidation/business_case.go:105.2,105.26 1 1
github.com/cmsgov/easi-app/pkg/appvalidation/business_case.go:108.2,108.26 1 1
github.com/cmsgov/easi-app/pkg/appvalidation/business_case.go:111.2,113.20 3 1
github.com/cmsgov/easi-app/pkg/appvalidation/business_case.go:117.2,117.20 1 1
github.com/cmsgov/easi-app/pkg/appvalidation/business_case.go:120.2,120.11 1 1
github.com/cmsgov/easi-app/pkg/appvalidation/business_case.go:96.26,98.3 1 1
github.com/cmsgov/easi-app/pkg/appvalidation/business_case.go:99.26,101.3 1 1
github.com/cmsgov/easi-app/pkg/appvalidation/business_case.go:102.26,104.3 1 1
github.com/cmsgov/easi-app/pkg/appvalidation/business_case.go:105.26,107.3 1 1
github.com/cmsgov/easi-app/pkg/appvalidation/business_case.go:108.26,110.3 1 1
github.com/cmsgov/easi-app/pkg/appvalidation/business_case.go:113.20,116.3 2 1
github.com/cmsgov/easi-app/pkg/appvalidation/business_case.go:117.20,119.3 1 1
github.com/cmsgov/easi-app/pkg/appvalidation/business_case.go:123.93,130.55 6 1
github.com/cmsgov/easi-app/pkg/appvalidation/business_case.go:160.2,160.51 1 1
github.com/cmsgov/easi-app/pkg/appvalidation/business_case.go:163.2,163.56 1 1
github.com/cmsgov/easi-app/pkg/appvalidation/business_case.go:166.2,166.48 1 1
github.com/cmsgov/easi-app/pkg/appvalidation/business_case.go:169.2,169.40 1 1
github.com/cmsgov/easi-app/pkg/appvalidation/business_case.go:178.2,178.20 1 1
github.com/cmsgov/easi-app/pkg/appvalidation/business_case.go:130.55,132.44 2 1
github.com/cmsgov/easi-app/pkg/appvalidation/business_case.go:138.3,138.37 1 1
github.com/cmsgov/easi-app/pkg/appvalidation/business_case.go:144.3,144.12 1 1
github.com/cmsgov/easi-app/pkg/appvalidation/business_case.go:132.44,136.4 3 1
github.com/cmsgov/easi-app/pkg/appvalidation/business_case.go:138.37,142.4 3 1
github.com/cmsgov/easi-app/pkg/appvalidation/business_case.go:144.12,148.25 2 1
github.com/cmsgov/easi-app/pkg/appvalidation/business_case.go:149.42,150.41 1 1
github.com/cmsgov/easi-app/pkg/appvalidation/business_case.go:151.47,152.46 1 1
github.com/cmsgov/easi-app/pkg/appvalidation/business_case.go:153.39,154.38 1 1
github.com/cmsgov/easi-app/pkg/appvalidation/business_case.go:155.39,156.38 1 1
github.com/cmsgov/easi-app/pkg/appvalidation/business_case.go:160.51,162.3 1 1
github.com/cmsgov/easi-app/pkg/appvalidation/business_case.go:163.56,165.3 1 1
github.com/cmsgov/easi-app/pkg/appvalidation/business_case.go:166.48,168.3 1 1
github.com/cmsgov/easi-app/pkg/appvalidation/business_case.go:169.40,170.49 1 1
github.com/cmsgov/easi-app/pkg/appvalidation/business_case.go:170.49,172.4 1 1
github.com/cmsgov/easi-app/pkg/appvalidation/business_case.go:173.8,174.23 1 1
github.com/cmsgov/easi-app/pkg/appvalidation/business_case.go:174.23,176.4 1 1
github.com/cmsgov/easi-app/pkg/appvalidation/business_case.go:182.69,190.58 2 1
github.com/cmsgov/easi-app/pkg/appvalidation/business_case.go:194.2,194.43 1 1
github.com/cmsgov/easi-app/pkg/appvalidation/business_case.go:197.2,197.52 1 1
github.com/cmsgov/easi-app/pkg/appvalidation/business_case.go:200.2,200.55 1 1
github.com/cmsgov/easi-app/pkg/appvalidation/business_case.go:203.2,203.58 1 1
github.com/cmsgov/easi-app/pkg/appvalidation/business_case.go:206.2,206.56 1 1
github.com/cmsgov/easi-app/pkg/appvalidation/business_case.go:209.2,209.67 1 1
github.com/cmsgov/easi-app/pkg/appvalidation/business_case.go:212.2,212.60 1 1
github.com/cmsgov/easi-app/pkg/appvalidation/business_case.go:215.2,215.59 1 1
github.com/cmsgov/easi-app/pkg/appvalidation/business_case.go:218.2,218.57 1 1
github.com/cmsgov/easi-app/pkg/appvalidation/business_case.go:221.2,221.64 1 1
github.com/cmsgov/easi-app/pkg/appvalidation/business_case.go:224.2,224.64 1 1
github.com/cmsgov/easi-app/pkg/appvalidation/business_case.go:227.2,227.56 1 1
github.com/cmsgov/easi-app/pkg/appvalidation/business_case.go:230.2,230.58 1 1
github.com/cmsgov/easi-app/pkg/appvalidation/business_case.go:233.2,233.55 1 1
github.com/cmsgov/easi-app/pkg/appvalidation/business_case.go:236.2,236.55 1 1
github.com/cmsgov/easi-app/pkg/appvalidation/business_case.go:239.2,239.62 1 1
github.com/cmsgov/easi-app/pkg/appvalidation/business_case.go:242.2,242.61 1 1
github.com/cmsgov/easi-app/pkg/appvalidation/business_case.go:245.2,245.63 1 1
github.com/cmsgov/easi-app/pkg/appvalidation/business_case.go:248.2,248.75 1 1
github.com/cmsgov/easi-app/pkg/appvalidation/business_case.go:251.2,251.67 1 1
github.com/cmsgov/easi-app/pkg/appvalidation/business_case.go:254.2,254.61 1 1
github.com/cmsgov/easi-app/pkg/appvalidation/business_case.go:257.2,257.60 1 1
github.com/cmsgov/easi-app/pkg/appvalidation/business_case.go:260.2,260.60 1 1
github.com/cmsgov/easi-app/pkg/appvalidation/business_case.go:263.2,263.67 1 1
github.com/cmsgov/easi-app/pkg/appvalidation/business_case.go:266.2,266.64 1 1
github.com/cmsgov/easi-app/pkg/appvalidation/business_case.go:269.2,269.66 1 1
github.com/cmsgov/easi-app/pkg/appvalidation/business_case.go:272.2,272.78 1 1
github.com/cmsgov/easi-app/pkg/appvalidation/business_case.go:275.2,275.70 1 1
github.com/cmsgov/easi-app/pkg/appvalidation/business_case.go:278.2,278.64 1 1
github.com/cmsgov/easi-app/pkg/appvalidation/business_case.go:281.2,281.63 1 1
github.com/cmsgov/easi-app/pkg/appvalidation/business_case.go:284.2,284.63 1 1
github.com/cmsgov/easi-app/pkg/appvalidation/business_case.go:287.2,287.70 1 1
github.com/cmsgov/easi-app/pkg/appvalidation/business_case.go:290.2,290.102 1 1
github.com/cmsgov/easi-app/pkg/appvalidation/business_case.go:293.2,293.96 1 1
github.com/cmsgov/easi-app/pkg/appvalidation/business_case.go:296.2,296.40 1 1
github.com/cmsgov/easi-app/pkg/appvalidation/business_case.go:322.2,322.79 1 1
github.com/cmsgov/easi-app/pkg/appvalidation/business_case.go:325.2,325.109 1 1
github.com/cmsgov/easi-app/pkg/appvalidation/business_case.go:331.2,331.38 1 1
github.com/cmsgov/easi-app/pkg/appvalidation/business_case.go:334.2,334.12 1 1
github.com/cmsgov/easi-app/pkg/appvalidation/business_case.go:190.58,192.3 1 1
github.com/cmsgov/easi-app/pkg/appvalidation/business_case.go:194.43,196.3 1 1
github.com/cmsgov/easi-app/pkg/appvalidation/business_case.go:197.52,199.3 1 1
github.com/cmsgov/easi-app/pkg/appvalidation/business_case.go:200.55,202.3 1 1
github.com/cmsgov/easi-app/pkg/appvalidation/business_case.go:203.58,205.3 1 1
github.com/cmsgov/easi-app/pkg/appvalidation/business_case.go:206.56,208.3 1 1
github.com/cmsgov/easi-app/pkg/appvalidation/business_case.go:209.67,211.3 1 1
github.com/cmsgov/easi-app/pkg/appvalidation/business_case.go:212.60,214.3 1 1
github.com/cmsgov/easi-app/pkg/appvalidation/business_case.go:215.59,217.3 1 1
github.com/cmsgov/easi-app/pkg/appvalidation/business_case.go:218.57,220.3 1 1
github.com/cmsgov/easi-app/pkg/appvalidation/business_case.go:221.64,223.3 1 1
github.com/cmsgov/easi-app/pkg/appvalidation/business_case.go:224.64,226.3 1 1
github.com/cmsgov/easi-app/pkg/appvalidation/business_case.go:227.56,229.3 1 1
github.com/cmsgov/easi-app/pkg/appvalidation/business_case.go:230.58,232.3 1 1
github.com/cmsgov/easi-app/pkg/appvalidation/business_case.go:233.55,235.3 1 1
github.com/cmsgov/easi-app/pkg/appvalidation/business_case.go:236.55,238.3 1 1
github.com/cmsgov/easi-app/pkg/appvalidation/business_case.go:239.62,241.3 1 1
github.com/cmsgov/easi-app/pkg/appvalidation/business_case.go:242.61,244.3 1 1
github.com/cmsgov/easi-app/pkg/appvalidation/business_case.go:245.63,247.3 1 1
github.com/cmsgov/easi-app/pkg/appvalidation/business_case.go:248.75,250.3 1 1
github.com/cmsgov/easi-app/pkg/appvalidation/business_case.go:251.67,253.3 1 1
github.com/cmsgov/easi-app/pkg/appvalidation/business_case.go:254.61,256.3 1 1
github.com/cmsgov/easi-app/pkg/appvalidation/business_case.go:257.60,259.3 1 1
github.com/cmsgov/easi-app/pkg/appvalidation/business_case.go:260.60,262.3 1 1
github.com/cmsgov/easi-app/pkg/appvalidation/business_case.go:263.67,265.3 1 1
github.com/cmsgov/easi-app/pkg/appvalidation/business_case.go:266.64,268.3 1 1
github.com/cmsgov/easi-app/pkg/appvalidation/business_case.go:269.66,271.3 1 1
github.com/cmsgov/easi-app/pkg/appvalidation/business_case.go:272.78,274.3 1 1
github.com/cmsgov/easi-app/pkg/appvalidation/business_case.go:275.70,277.3 1 1
github.com/cmsgov/easi-app/pkg/appvalidation/business_case.go:278.64,280.3 1 1
github.com/cmsgov/easi-app/pkg/appvalidation/business_case.go:281.63,283.3 1 1
github.com/cmsgov/easi-app/pkg/appvalidation/business_case.go:284.63,286.3 1 1
github.com/cmsgov/easi-app/pkg/appvalidation/business_case.go:287.70,289.3 1 1
github.com/cmsgov/easi-app/pkg/appvalidation/business_case.go:290.102,292.3 1 0
github.com/cmsgov/easi-app/pkg/appvalidation/business_case.go:293.96,295.3 1 0
github.com/cmsgov/easi-app/pkg/appvalidation/business_case.go:296.40,297.65 1 1
github.com/cmsgov/easi-app/pkg/appvalidation/business_case.go:300.3,300.67 1 1
github.com/cmsgov/easi-app/pkg/appvalidation/business_case.go:303.3,303.79 1 1
github.com/cmsgov/easi-app/pkg/appvalidation/business_case.go:306.3,306.71 1 1
github.com/cmsgov/easi-app/pkg/appvalidation/business_case.go:309.3,309.65 1 1
github.com/cmsgov/easi-app/pkg/appvalidation/business_case.go:312.3,312.64 1 1
github.com/cmsgov/easi-app/pkg/appvalidation/business_case.go:315.3,315.64 1 1
github.com/cmsgov/easi-app/pkg/appvalidation/business_case.go:318.3,318.71 1 1
github.com/cmsgov/easi-app/pkg/appvalidation/business_case.go:297.65,299.4 1 0
github.com/cmsgov/easi-app/pkg/appvalidation/business_case.go:300.67,302.4 1 1
github.com/cmsgov/easi-app/pkg/appvalidation/business_case.go:303.79,305.4 1 1
github.com/cmsgov/easi-app/pkg/appvalidation/business_case.go:306.71,308.4 1 1
github.com/cmsgov/easi-app/pkg/appvalidation/business_case.go:309.65,311.4 1 1
github.com/cmsgov/easi-app/pkg/appvalidation/business_case.go:312.64,314.4 1 1
github.com/cmsgov/easi-app/pkg/appvalidation/business_case.go:315.64,317.4 1 1
github.com/cmsgov/easi-app/pkg/appvalidation/business_case.go:318.71,320.4 1 1
github.com/cmsgov/easi-app/pkg/appvalidation/business_case.go:322.79,324.3 1 0
github.com/cmsgov/easi-app/pkg/appvalidation/business_case.go:325.109,326.42 1 1
github.com/cmsgov/easi-app/pkg/appvalidation/business_case.go:326.42,328.4 1 1
github.com/cmsgov/easi-app/pkg/appvalidation/business_case.go:331.38,333.3 1 1
github.com/cmsgov/easi-app/pkg/authentication/principal.go:43.35,45.2 1 1
github.com/cmsgov/easi-app/pkg/authentication/principal.go:49.31,51.2 1 1
github.com/cmsgov/easi-app/pkg/authentication/principal.go:56.36,58.2 1 1
github.com/cmsgov/easi-app/pkg/authentication/principal.go:62.35,64.2 1 1
github.com/cmsgov/easi-app/pkg/authentication/principal.go:68.39,70.2 1 0
github.com/cmsgov/easi-app/pkg/authentication/principal.go:74.41,76.2 1 0
github.com/cmsgov/easi-app/pkg/authentication/principal.go:89.40,91.2 1 1
github.com/cmsgov/easi-app/pkg/authentication/principal.go:95.36,97.2 1 1
github.com/cmsgov/easi-app/pkg/authentication/principal.go:101.41,103.2 1 1
github.com/cmsgov/easi-app/pkg/authentication/principal.go:108.40,110.2 1 1
github.com/cmsgov/easi-app/pkg/authentication/principal.go:115.44,117.2 1 0
github.com/cmsgov/easi-app/pkg/authentication/principal.go:122.46,124.2 1 0
github.com/cmsgov/easi-app/pkg/authorization/require_principal_middleware.go:12.85,13.71 1 0
github.com/cmsgov/easi-app/pkg/authorization/require_principal_middleware.go:13.71,17.39 2 0
github.com/cmsgov/easi-app/pkg/authorization/require_principal_middleware.go:29.3,29.23 1 0
github.com/cmsgov/easi-app/pkg/authorization/require_principal_middleware.go:17.39,23.23 5 0
github.com/cmsgov/easi-app/pkg/authorization/require_principal_middleware.go:26.4,26.10 1 0
github.com/cmsgov/easi-app/pkg/authorization/require_principal_middleware.go:23.23,25.5 1 0
github.com/cmsgov/easi-app/pkg/authorization/require_principal_middleware.go:35.88,36.46 1 0
github.com/cmsgov/easi-app/pkg/authorization/require_principal_middleware.go:36.46,38.3 1 0
github.com/cmsgov/easi-app/pkg/cedar/core/client.go:27.106,28.43 1 1
github.com/cmsgov/easi-app/pkg/cedar/core/client.go:43.2,69.15 5 1
github.com/cmsgov/easi-app/pkg/cedar/core/client.go:28.43,31.17 3 1
github.com/cmsgov/easi-app/pkg/cedar/core/client.go:40.3,40.16 1 1
github.com/cmsgov/easi-app/pkg/cedar/core/client.go:31.17,39.4 1 0
github.com/cmsgov/easi-app/pkg/cedar/core/client.go:83.132,85.31 2 1
github.com/cmsgov/easi-app/pkg/cedar/core/client.go:85.31,86.7 1 1
github.com/cmsgov/easi-app/pkg/cedar/core/client.go:86.7,88.18 2 1
github.com/cmsgov/easi-app/pkg/cedar/core/client.go:92.4,92.14 1 1
github.com/cmsgov/easi-app/pkg/cedar/core/client.go:88.18,90.5 1 0
github.com/cmsgov/easi-app/pkg/cedar/core/deployment.go:25.152,26.30 1 0
github.com/cmsgov/easi-app/pkg/cedar/core/deployment.go:32.2,36.27 4 0
github.com/cmsgov/easi-app/pkg/cedar/core/deployment.go:51.2,52.16 2 0
github.com/cmsgov/easi-app/pkg/cedar/core/deployment.go:56.2,56.25 1 0
github.com/cmsgov/easi-app/pkg/cedar/core/deployment.go:61.2,65.54 2 0
github.com/cmsgov/easi-app/pkg/cedar/core/deployment.go:126.2,126.20 1 0
github.com/cmsgov/easi-app/pkg/cedar/core/deployment.go:26.30,29.3 2 0
github.com/cmsgov/easi-app/pkg/cedar/core/deployment.go:36.27,37.49 1 0
github.com/cmsgov/easi-app/pkg/cedar/core/deployment.go:41.3,41.40 1 0
github.com/cmsgov/easi-app/pkg/cedar/core/deployment.go:45.3,45.41 1 0
github.com/cmsgov/easi-app/pkg/cedar/core/deployment.go:37.49,39.4 1 0
github.com/cmsgov/easi-app/pkg/cedar/core/deployment.go:41.40,43.4 1 0
github.com/cmsgov/easi-app/pkg/cedar/core/deployment.go:45.41,47.4 1 0
github.com/cmsgov/easi-app/pkg/cedar/core/deployment.go:52.16,54.3 1 0
github.com/cmsgov/easi-app/pkg/cedar/core/deployment.go:56.25,58.3 1 0
github.com/cmsgov/easi-app/pkg/cedar/core/deployment.go:65.54,66.27 1 0
github.com/cmsgov/easi-app/pkg/cedar/core/deployment.go:71.3,71.29 1 0
github.com/cmsgov/easi-app/pkg/cedar/core/deployment.go:76.3,76.33 1 0
github.com/cmsgov/easi-app/pkg/cedar/core/deployment.go:81.3,104.35 2 0
github.com/cmsgov/easi-app/pkg/cedar/core/deployment.go:123.3,123.41 1 0
github.com/cmsgov/easi-app/pkg/cedar/core/deployment.go:66.27,68.12 2 0
github.com/cmsgov/easi-app/pkg/cedar/core/deployment.go:71.29,73.12 2 0
github.com/cmsgov/easi-app/pkg/cedar/core/deployment.go:76.33,78.12 2 0
github.com/cmsgov/easi-app/pkg/cedar/core/deployment.go:104.35,121.4 2 0
github.com/cmsgov/easi-app/pkg/cedar/core/role.go:20.82,21.54 1 1
github.com/cmsgov/easi-app/pkg/cedar/core/role.go:21.54,23.3 1 1
github.com/cmsgov/easi-app/pkg/cedar/core/role.go:23.8,23.67 1 1
github.com/cmsgov/easi-app/pkg/cedar/core/role.go:23.67,25.3 1 1
github.com/cmsgov/easi-app/pkg/cedar/core/role.go:25.8,25.34 1 1
github.com/cmsgov/easi-app/pkg/cedar/core/role.go:25.34,27.3 1 1
github.com/cmsgov/easi-app/pkg/cedar/core/role.go:27.8,29.3 1 1
github.com/cmsgov/easi-app/pkg/cedar/core/role.go:34.126,35.30 1 0
github.com/cmsgov/easi-app/pkg/cedar/core/role.go:41.2,46.29 5 0
github.com/cmsgov/easi-app/pkg/cedar/core/role.go:51.2,52.16 2 0
github.com/cmsgov/easi-app/pkg/cedar/core/role.go:56.2,56.25 1 0
github.com/cmsgov/easi-app/pkg/cedar/core/role.go:61.2,63.42 2 0
github.com/cmsgov/easi-app/pkg/cedar/core/role.go:113.2,113.20 1 0
github.com/cmsgov/easi-app/pkg/cedar/core/role.go:35.30,38.3 2 0
github.com/cmsgov/easi-app/pkg/cedar/core/role.go:46.29,48.3 1 0
github.com/cmsgov/easi-app/pkg/cedar/core/role.go:52.16,54.3 1 0
github.com/cmsgov/easi-app/pkg/cedar/core/role.go:56.25,58.3 1 0
github.com/cmsgov/easi-app/pkg/cedar/core/role.go:63.42,64.30 1 0
github.com/cmsgov/easi-app/pkg/cedar/core/role.go:69.3,69.27 1 0
github.com/cmsgov/easi-app/pkg/cedar/core/role.go:74.3,74.29 1 0
github.com/cmsgov/easi-app/pkg/cedar/core/role.go:79.3,80.25 2 0
github.com/cmsgov/easi-app/pkg/cedar/core/role.go:86.3,106.51 2 0
github.com/cmsgov/easi-app/pkg/cedar/core/role.go:110.3,110.35 1 0
github.com/cmsgov/easi-app/pkg/cedar/core/role.go:64.30,66.12 2 0
github.com/cmsgov/easi-app/pkg/cedar/core/role.go:69.27,71.12 2 0
github.com/cmsgov/easi-app/pkg/cedar/core/role.go:74.29,76.12 2 0
github.com/cmsgov/easi-app/pkg/cedar/core/role.go:80.25,82.12 2 0
github.com/cmsgov/easi-app/pkg/cedar/core/role.go:106.51,108.4 1 0
github.com/cmsgov/easi-app/pkg/cedar/core/system_summary.go:19.102,20.30 1 1
github.com/cmsgov/easi-app/pkg/cedar/core/system_summary.go:26.2,26.14 1 0
github.com/cmsgov/easi-app/pkg/cedar/core/system_summary.go:36.2,41.16 4 0
github.com/cmsgov/easi-app/pkg/cedar/core/system_summary.go:45.2,45.25 1 0
github.com/cmsgov/easi-app/pkg/cedar/core/system_summary.go:50.2,53.49 2 0
github.com/cmsgov/easi-app/pkg/cedar/core/system_summary.go:67.2,67.20 1 0
github.com/cmsgov/easi-app/pkg/cedar/core/system_summary.go:20.30,23.3 2 1
github.com/cmsgov/easi-app/pkg/cedar/core/system_summary.go:26.14,28.12 2 0
github.com/cmsgov/easi-app/pkg/cedar/core/system_summary.go:28.12,30.4 1 0
github.com/cmsgov/easi-app/pkg/cedar/core/system_summary.go:41.16,43.3 1 0
github.com/cmsgov/easi-app/pkg/cedar/core/system_summary.go:45.25,47.3 1 0
github.com/cmsgov/easi-app/pkg/cedar/core/system_summary.go:53.49,65.3 1 0
github.com/cmsgov/easi-app/pkg/cedar/core/system_summary.go:74.72,75.30 1 1
github.com/cmsgov/easi-app/pkg/cedar/core/system_summary.go:80.2,84.16 3 0
github.com/cmsgov/easi-app/pkg/cedar/core/system_summary.go:88.2,93.12 3 0
github.com/cmsgov/easi-app/pkg/cedar/core/system_summary.go:75.30,78.3 2 1
github.com/cmsgov/easi-app/pkg/cedar/core/system_summary.go:84.16,86.3 1 0
github.com/cmsgov/easi-app/pkg/cedar/core/system_summary.go:97.89,98.30 1 1
github.com/cmsgov/easi-app/pkg/cedar/core/system_summary.go:104.2,110.16 5 0
github.com/cmsgov/easi-app/pkg/cedar/core/system_summary.go:114.2,114.25 1 0
github.com/cmsgov/easi-app/pkg/cedar/core/system_summary.go:118.2,120.29 2 0
github.com/cmsgov/easi-app/pkg/cedar/core/system_summary.go:125.2,135.8 1 0
github.com/cmsgov/easi-app/pkg/cedar/core/system_summary.go:98.30,101.3 2 1
github.com/cmsgov/easi-app/pkg/cedar/core/system_summary.go:110.16,112.3 1 0
github.com/cmsgov/easi-app/pkg/cedar/core/system_summary.go:114.25,116.3 1 0
github.com/cmsgov/easi-app/pkg/cedar/core/system_summary.go:120.29,122.3 1 0
github.com/cmsgov/easi-app/pkg/cedar/intake/client.go:35.85,36.43 1 1
github.com/cmsgov/easi-app/pkg/cedar/intake/client.go:52.2,70.3 2 1
github.com/cmsgov/easi-app/pkg/cedar/intake/client.go:36.43,40.17 3 1
github.com/cmsgov/easi-app/pkg/cedar/intake/client.go:49.3,49.16 1 1
github.com/cmsgov/easi-app/pkg/cedar/intake/client.go:40.17,48.4 1 0
github.com/cmsgov/easi-app/pkg/cedar/intake/client.go:83.61,84.25 1 1
github.com/cmsgov/easi-app/pkg/cedar/intake/client.go:88.2,92.16 4 0
github.com/cmsgov/easi-app/pkg/cedar/intake/client.go:95.2,95.25 1 0
github.com/cmsgov/easi-app/pkg/cedar/intake/client.go:98.2,98.12 1 0
github.com/cmsgov/easi-app/pkg/cedar/intake/client.go:84.25,86.3 1 1
github.com/cmsgov/easi-app/pkg/cedar/intake/client.go:92.16,94.3 1 0
github.com/cmsgov/easi-app/pkg/cedar/intake/client.go:95.25,97.3 1 0
github.com/cmsgov/easi-app/pkg/cedar/intake/client.go:102.89,105.2 2 1
github.com/cmsgov/easi-app/pkg/cedar/intake/client.go:108.89,111.2 2 0
github.com/cmsgov/easi-app/pkg/cedar/intake/client.go:114.93,117.2 2 0
github.com/cmsgov/easi-app/pkg/cedar/intake/client.go:120.81,123.2 2 0
github.com/cmsgov/easi-app/pkg/cedar/intake/client.go:126.75,129.2 2 0
github.com/cmsgov/easi-app/pkg/cedar/intake/client.go:132.97,146.25 5 1
github.com/cmsgov/easi-app/pkg/cedar/intake/client.go:151.2,153.16 2 0
github.com/cmsgov/easi-app/pkg/cedar/intake/client.go:163.2,173.16 8 0
github.com/cmsgov/easi-app/pkg/cedar/intake/client.go:183.2,185.12 2 0
github.com/cmsgov/easi-app/pkg/cedar/intake/client.go:146.25,149.3 2 1
github.com/cmsgov/easi-app/pkg/cedar/intake/client.go:153.16,161.3 2 0
github.com/cmsgov/easi-app/pkg/cedar/intake/client.go:173.16,175.3 1 0
github.com/cmsgov/easi-app/pkg/email/extend_lcid.go:25.181,37.43 4 0
github.com/cmsgov/easi-app/pkg/email/extend_lcid.go:40.2,41.16 2 0
github.com/cmsgov/easi-app/pkg/email/extend_lcid.go:44.2,44.24 1 0
github.com/cmsgov/easi-app/pkg/email/extend_lcid.go:37.43,39.3 1 0
github.com/cmsgov/easi-app/pkg/email/extend_lcid.go:41.16,43.3 1 0
github.com/cmsgov/easi-app/pkg/email/extend_lcid.go:57.9,60.16 3 0
github.com/cmsgov/easi-app/pkg/email/extend_lcid.go:63.2,70.16 2 0
github.com/cmsgov/easi-app/pkg/email/extend_lcid.go:73.2,73.12 1 0
github.com/cmsgov/easi-app/pkg/email/extend_lcid.go:60.16,62.3 1 0
github.com/cmsgov/easi-app/pkg/email/extend_lcid.go:70.16,72.3 1 0
github.com/cmsgov/easi-app/pkg/email/new_accessibility_request_note.go:21.119,29.52 4 0
github.com/cmsgov/easi-app/pkg/email/new_accessibility_request_note.go:32.2,33.16 2 0
github.com/cmsgov/easi-app/pkg/email/new_accessibility_request_note.go:36.2,36.24 1 0
github.com/cmsgov/easi-app/pkg/email/new_accessibility_request_note.go:29.52,31.3 1 0
github.com/cmsgov/easi-app/pkg/email/new_accessibility_request_note.go:33.16,35.3 1 0
github.com/cmsgov/easi-app/pkg/email/new_accessibility_request_note.go:45.9,48.16 3 0
github.com/cmsgov/easi-app/pkg/email/new_accessibility_request_note.go:51.2,58.16 2 0
github.com/cmsgov/easi-app/pkg/email/new_accessibility_request_note.go:61.2,61.12 1 0
github.com/cmsgov/easi-app/pkg/email/new_accessibility_request_note.go:48.16,50.3 1 0
github.com/cmsgov/easi-app/pkg/email/new_accessibility_request_note.go:58.16,60.3 1 0
github.com/cmsgov/easi-app/pkg/email/new_document.go:22.111,23.20 1 0
github.com/cmsgov/easi-app/pkg/email/new_document.go:24.64,25.24 1 0
github.com/cmsgov/easi-app/pkg/email/new_document.go:26.61,27.21 1 0
github.com/cmsgov/easi-app/pkg/email/new_document.go:28.68,29.28 1 0
github.com/cmsgov/easi-app/pkg/email/new_document.go:30.64,31.24 1 0
github.com/cmsgov/easi-app/pkg/email/new_document.go:32.64,33.24 1 0
github.com/cmsgov/easi-app/pkg/email/new_document.go:34.58,35.19 1 0
github.com/cmsgov/easi-app/pkg/email/new_document.go:36.10,37.12 1 0
github.com/cmsgov/easi-app/pkg/email/new_document.go:46.19,54.56 4 0
github.com/cmsgov/easi-app/pkg/email/new_document.go:57.2,58.16 2 0
github.com/cmsgov/easi-app/pkg/email/new_document.go:61.2,61.24 1 0
github.com/cmsgov/easi-app/pkg/email/new_document.go:54.56,56.3 1 0
github.com/cmsgov/easi-app/pkg/email/new_document.go:58.16,60.3 1 0
github.com/cmsgov/easi-app/pkg/email/new_document.go:72.9,75.16 3 0
github.com/cmsgov/easi-app/pkg/email/new_document.go:78.2,85.16 2 0
github.com/cmsgov/easi-app/pkg/email/new_document.go:88.2,88.12 1 0
github.com/cmsgov/easi-app/pkg/email/new_document.go:75.16,77.3 1 0
github.com/cmsgov/easi-app/pkg/email/new_document.go:85.16,87.3 1 0
github.com/cmsgov/easi-app/pkg/email/new_document.go:99.9,100.132 1 0
github.com/cmsgov/easi-app/pkg/email/new_document.go:103.2,103.99 1 0
github.com/cmsgov/easi-app/pkg/email/new_document.go:100.132,102.3 1 0
github.com/cmsgov/easi-app/pkg/email/reject_request.go:18.101,25.46 3 1
github.com/cmsgov/easi-app/pkg/email/reject_request.go:28.2,29.16 2 1
github.com/cmsgov/easi-app/pkg/email/reject_request.go:32.2,32.24 1 1
github.com/cmsgov/easi-app/pkg/email/reject_request.go:25.46,27.3 1 1
github.com/cmsgov/easi-app/pkg/email/reject_request.go:29.16,31.3 1 1
github.com/cmsgov/easi-app/pkg/email/reject_request.go:36.148,39.16 3 1
github.com/cmsgov/easi-app/pkg/email/reject_request.go:42.2,49.16 2 1
github.com/cmsgov/easi-app/pkg/email/reject_request.go:52.2,52.12 1 1
github.com/cmsgov/easi-app/pkg/email/reject_request.go:39.16,41.3 1 1
github.com/cmsgov/easi-app/pkg/email/reject_request.go:49.16,51.3 1 1
github.com/cmsgov/easi-app/pkg/email/removed_accessibility_request.go:20.100,21.16 1 0
github.com/cmsgov/easi-app/pkg/email/removed_accessibility_request.go:22.83,23.59 1 0
github.com/cmsgov/easi-app/pkg/email/removed_accessibility_request.go:24.64,25.29 1 0
github.com/cmsgov/easi-app/pkg/email/removed_accessibility_request.go:26.54,27.17 1 0
github.com/cmsgov/easi-app/pkg/email/removed_accessibility_request.go:28.10,29.12 1 0
github.com/cmsgov/easi-app/pkg/email/removed_accessibility_request.go:33.182,41.60 3 0
github.com/cmsgov/easi-app/pkg/email/removed_accessibility_request.go:44.2,45.16 2 0
github.com/cmsgov/easi-app/pkg/email/removed_accessibility_request.go:48.2,48.24 1 0
github.com/cmsgov/easi-app/pkg/email/removed_accessibility_request.go:41.60,43.3 1 0
github.com/cmsgov/easi-app/pkg/email/removed_accessibility_request.go:45.16,47.3 1 0
github.com/cmsgov/easi-app/pkg/email/removed_accessibility_request.go:58.9,61.16 3 0
github.com/cmsgov/easi-app/pkg/email/removed_accessibility_request.go:64.2,71.16 2 0
github.com/cmsgov/easi-app/pkg/email/removed_accessibility_request.go:74.2,74.12 1 0
github.com/cmsgov/easi-app/pkg/email/removed_accessibility_request.go:61.16,63.3 1 0
github.com/cmsgov/easi-app/pkg/email/removed_accessibility_request.go:71.16,73.3 1 0
github.com/cmsgov/easi-app/pkg/email/request_withdraw.go:16.78,21.53 3 1
github.com/cmsgov/easi-app/pkg/email/request_withdraw.go:24.2,25.16 2 1
github.com/cmsgov/easi-app/pkg/email/request_withdraw.go:28.2,28.24 1 1
github.com/cmsgov/easi-app/pkg/email/request_withdraw.go:21.53,23.3 1 1
github.com/cmsgov/easi-app/pkg/email/request_withdraw.go:25.16,27.3 1 1
github.com/cmsgov/easi-app/pkg/email/request_withdraw.go:33.62,35.55 2 1
github.com/cmsgov/easi-app/pkg/email/request_withdraw.go:39.2,40.16 2 1
github.com/cmsgov/easi-app/pkg/email/request_withdraw.go:43.2,43.24 1 1
github.com/cmsgov/easi-app/pkg/email/request_withdraw.go:35.55,37.3 1 1
github.com/cmsgov/easi-app/pkg/email/request_withdraw.go:40.16,42.3 1 0
github.com/cmsgov/easi-app/pkg/email/request_withdraw.go:47.89,50.23 3 1
github.com/cmsgov/easi-app/pkg/email/request_withdraw.go:57.2,57.16 1 1
github.com/cmsgov/easi-app/pkg/email/request_withdraw.go:61.2,68.16 2 1
github.com/cmsgov/easi-app/pkg/email/request_withdraw.go:71.2,71.12 1 1
github.com/cmsgov/easi-app/pkg/email/request_withdraw.go:50.23,53.3 2 1
github.com/cmsgov/easi-app/pkg/email/request_withdraw.go:53.8,56.3 2 1
github.com/cmsgov/easi-app/pkg/email/request_withdraw.go:57.16,59.3 1 1
github.com/cmsgov/easi-app/pkg/email/request_withdraw.go:68.16,70.3 1 1
github.com/cmsgov/easi-app/pkg/email/business_case.go:20.106,27.55 4 1
github.com/cmsgov/easi-app/pkg/email/business_case.go:30.2,31.16 2 1
github.com/cmsgov/easi-app/pkg/email/business_case.go:34.2,34.24 1 1
github.com/cmsgov/easi-app/pkg/email/business_case.go:27.55,29.3 1 1
github.com/cmsgov/easi-app/pkg/email/business_case.go:31.16,33.3 1 1
github.com/cmsgov/easi-app/pkg/email/business_case.go:38.122,43.16 3 1
github.com/cmsgov/easi-app/pkg/email/business_case.go:46.2,53.16 2 1
github.com/cmsgov/easi-app/pkg/email/business_case.go:56.2,56.12 1 1
github.com/cmsgov/easi-app/pkg/email/business_case.go:43.16,45.3 1 1
github.com/cmsgov/easi-app/pkg/email/business_case.go:53.16,55.3 1 1
github.com/cmsgov/easi-app/pkg/email/change_508_status.go:24.85,25.16 1 0
github.com/cmsgov/easi-app/pkg/email/change_508_status.go:26.45,27.16 1 0
github.com/cmsgov/easi-app/pkg/email/change_508_status.go:28.47,29.18 1 0
github.com/cmsgov/easi-app/pkg/email/change_508_status.go:30.54,31.26 1 0
github.com/cmsgov/easi-app/pkg/email/change_508_status.go:32.10,33.12 1 0
github.com/cmsgov/easi-app/pkg/email/change_508_status.go:37.180,47.57 4 0
github.com/cmsgov/easi-app/pkg/email/change_508_status.go:50.2,51.16 2 0
github.com/cmsgov/easi-app/pkg/email/change_508_status.go:54.2,54.24 1 0
github.com/cmsgov/easi-app/pkg/email/change_508_status.go:47.57,49.3 1 0
github.com/cmsgov/easi-app/pkg/email/change_508_status.go:51.16,53.3 1 0
github.com/cmsgov/easi-app/pkg/email/change_508_status.go:65.9,68.16 3 0
github.com/cmsgov/easi-app/pkg/email/change_508_status.go:71.2,78.16 2 0
github.com/cmsgov/easi-app/pkg/email/change_508_status.go:81.2,81.12 1 0
github.com/cmsgov/easi-app/pkg/email/change_508_status.go:68.16,70.3 1 0
github.com/cmsgov/easi-app/pkg/email/change_508_status.go:78.16,80.3 1 0
github.com/cmsgov/easi-app/pkg/email/email.go:60.39,62.2 1 0
github.com/cmsgov/easi-app/pkg/email/email.go:65.62,67.16 2 1
github.com/cmsgov/easi-app/pkg/email/email.go:70.2,74.43 4 1
github.com/cmsgov/easi-app/pkg/email/email.go:77.2,81.43 4 1
github.com/cmsgov/easi-app/pkg/email/email.go:84.2,88.33 4 1
github.com/cmsgov/easi-app/pkg/email/email.go:91.2,95.41 4 1
github.com/cmsgov/easi-app/pkg/email/email.go:98.2,102.43 4 1
github.com/cmsgov/easi-app/pkg/email/email.go:105.2,109.30 4 1
github.com/cmsgov/easi-app/pkg/email/email.go:112.2,116.31 4 1
github.com/cmsgov/easi-app/pkg/email/email.go:119.2,123.34 4 1
github.com/cmsgov/easi-app/pkg/email/email.go:126.2,130.44 4 1
github.com/cmsgov/easi-app/pkg/email/email.go:133.2,137.55 4 1
github.com/cmsgov/easi-app/pkg/email/email.go:140.2,144.48 4 1
github.com/cmsgov/easi-app/pkg/email/email.go:147.2,151.32 4 1
github.com/cmsgov/easi-app/pkg/email/email.go:154.2,158.53 4 1
github.com/cmsgov/easi-app/pkg/email/email.go:161.2,165.48 4 1
github.com/cmsgov/easi-app/pkg/email/email.go:168.2,175.20 3 1
github.com/cmsgov/easi-app/pkg/email/email.go:67.16,69.3 1 0
github.com/cmsgov/easi-app/pkg/email/email.go:74.43,76.3 1 0
github.com/cmsgov/easi-app/pkg/email/email.go:81.43,83.3 1 0
github.com/cmsgov/easi-app/pkg/email/email.go:88.33,90.3 1 0
github.com/cmsgov/easi-app/pkg/email/email.go:95.41,97.3 1 0
github.com/cmsgov/easi-app/pkg/email/email.go:102.43,104.3 1 0
github.com/cmsgov/easi-app/pkg/email/email.go:109.30,111.3 1 0
github.com/cmsgov/easi-app/pkg/email/email.go:116.31,118.3 1 0
github.com/cmsgov/easi-app/pkg/email/email.go:123.34,125.3 1 0
github.com/cmsgov/easi-app/pkg/email/email.go:130.44,132.3 1 0
github.com/cmsgov/easi-app/pkg/email/email.go:137.55,139.3 1 0
github.com/cmsgov/easi-app/pkg/email/email.go:144.48,146.3 1 0
github.com/cmsgov/easi-app/pkg/email/email.go:151.32,153.3 1 0
github.com/cmsgov/easi-app/pkg/email/email.go:158.53,160.3 1 0
github.com/cmsgov/easi-app/pkg/email/email.go:165.48,167.3 1 0
github.com/cmsgov/easi-app/pkg/email/email.go:179.49,186.2 2 1
github.com/cmsgov/easi-app/pkg/email/email.go:189.58,192.2 2 0
github.com/cmsgov/easi-app/pkg/email/intake_review.go:20.95,26.45 3 1
github.com/cmsgov/easi-app/pkg/email/intake_review.go:29.2,30.16 2 1
github.com/cmsgov/easi-app/pkg/email/intake_review.go:33.2,33.24 1 1
github.com/cmsgov/easi-app/pkg/email/intake_review.go:26.45,28.3 1 1
github.com/cmsgov/easi-app/pkg/email/intake_review.go:30.16,32.3 1 1
github.com/cmsgov/easi-app/pkg/email/intake_review.go:37.148,41.16 4 1
github.com/cmsgov/easi-app/pkg/email/intake_review.go:44.2,51.16 2 1
github.com/cmsgov/easi-app/pkg/email/intake_review.go:54.2,54.12 1 1
github.com/cmsgov/easi-app/pkg/email/intake_review.go:41.16,43.3 1 1
github.com/cmsgov/easi-app/pkg/email/intake_review.go:51.16,53.3 1 1
github.com/cmsgov/easi-app/pkg/email/issue_lcid.go:21.131,30.42 3 1
github.com/cmsgov/easi-app/pkg/email/issue_lcid.go:33.2,34.16 2 1
github.com/cmsgov/easi-app/pkg/email/issue_lcid.go:37.2,37.24 1 1
github.com/cmsgov/easi-app/pkg/email/issue_lcid.go:30.42,32.3 1 1
github.com/cmsgov/easi-app/pkg/email/issue_lcid.go:34.16,36.3 1 1
github.com/cmsgov/easi-app/pkg/email/issue_lcid.go:41.183,44.16 3 1
github.com/cmsgov/easi-app/pkg/email/issue_lcid.go:47.2,54.16 2 1
github.com/cmsgov/easi-app/pkg/email/issue_lcid.go:57.2,57.12 1 1
github.com/cmsgov/easi-app/pkg/email/issue_lcid.go:44.16,46.3 1 1
github.com/cmsgov/easi-app/pkg/email/issue_lcid.go:54.16,56.3 1 1
github.com/cmsgov/easi-app/pkg/email/new_accessibility_request.go:30.134,39.56 4 0
github.com/cmsgov/easi-app/pkg/email/new_accessibility_request.go:42.2,43.16 2 0
github.com/cmsgov/easi-app/pkg/email/new_accessibility_request.go:46.2,46.24 1 0
github.com/cmsgov/easi-app/pkg/email/new_accessibility_request.go:39.56,41.3 1 0
github.com/cmsgov/easi-app/pkg/email/new_accessibility_request.go:43.16,45.3 1 0
github.com/cmsgov/easi-app/pkg/email/new_accessibility_request.go:49.113,59.67 5 0
github.com/cmsgov/easi-app/pkg/email/new_accessibility_request.go:62.2,63.16 2 0
github.com/cmsgov/easi-app/pkg/email/new_accessibility_request.go:66.2,66.24 1 0
github.com/cmsgov/easi-app/pkg/email/new_accessibility_request.go:59.67,61.3 1 0
github.com/cmsgov/easi-app/pkg/email/new_accessibility_request.go:63.16,65.3 1 0
github.com/cmsgov/easi-app/pkg/email/new_accessibility_request.go:70.150,73.16 3 0
github.com/cmsgov/easi-app/pkg/email/new_accessibility_request.go:76.2,83.16 2 0
github.com/cmsgov/easi-app/pkg/email/new_accessibility_request.go:86.2,86.12 1 0
github.com/cmsgov/easi-app/pkg/email/new_accessibility_request.go:73.16,75.3 1 0
github.com/cmsgov/easi-app/pkg/email/new_accessibility_request.go:83.16,85.3 1 0
github.com/cmsgov/easi-app/pkg/email/new_accessibility_request.go:90.165,93.16 3 0
github.com/cmsgov/easi-app/pkg/email/new_accessibility_request.go:96.2,103.16 2 0
github.com/cmsgov/easi-app/pkg/email/new_accessibility_request.go:106.2,106.12 1 0
github.com/cmsgov/easi-app/pkg/email/new_accessibility_request.go:93.16,95.3 1 0
github.com/cmsgov/easi-app/pkg/email/new_accessibility_request.go:103.16,105.3 1 0
github.com/cmsgov/easi-app/pkg/email/system_intake.go:20.100,27.55 4 1
github.com/cmsgov/easi-app/pkg/email/system_intake.go:30.2,31.16 2 1
github.com/cmsgov/easi-app/pkg/email/system_intake.go:34.2,34.24 1 1
github.com/cmsgov/easi-app/pkg/email/system_intake.go:27.55,29.3 1 1
github.com/cmsgov/easi-app/pkg/email/system_intake.go:31.16,33.3 1 1
github.com/cmsgov/easi-app/pkg/email/system_intake.go:38.116,41.16 3 1
github.com/cmsgov/easi-app/pkg/email/system_intake.go:44.2,51.16 2 1
github.com/cmsgov/easi-app/pkg/email/system_intake.go:54.2,54.12 1 1
github.com/cmsgov/easi-app/pkg/email/system_intake.go:41.16,43.3 1 1
github.com/cmsgov/easi-app/pkg/email/system_intake.go:51.16,53.3 1 1
github.com/cmsgov/easi-app/pkg/flags/client.go:25.65,26.55 1 0
github.com/cmsgov/easi-app/pkg/flags/client.go:31.2,31.89 1 0
github.com/cmsgov/easi-app/pkg/flags/client.go:26.55,28.3 1 0
github.com/cmsgov/easi-app/pkg/flags/client.go:36.49,50.2 4 1
github.com/cmsgov/easi-app/pkg/flags/client.go:56.37,60.2 3 1
github.com/cmsgov/easi-app/pkg/graph/resolver.go:54.13,56.2 1 1
github.com/cmsgov/easi-app/pkg/graph/schema.resolvers.go:29.153,32.25 2 1
github.com/cmsgov/easi-app/pkg/graph/schema.resolvers.go:36.2,36.37 1 1
github.com/cmsgov/easi-app/pkg/graph/schema.resolvers.go:62.2,62.23 1 1
github.com/cmsgov/easi-app/pkg/graph/schema.resolvers.go:32.25,34.3 1 0
github.com/cmsgov/easi-app/pkg/graph/schema.resolvers.go:36.37,37.80 1 1
github.com/cmsgov/easi-app/pkg/graph/schema.resolvers.go:48.3,49.22 2 1
github.com/cmsgov/easi-app/pkg/graph/schema.resolvers.go:53.3,53.23 1 1
github.com/cmsgov/easi-app/pkg/graph/schema.resolvers.go:37.80,39.4 1 1
github.com/cmsgov/easi-app/pkg/graph/schema.resolvers.go:49.22,51.4 1 0
github.com/cmsgov/easi-app/pkg/graph/schema.resolvers.go:53.23,55.4 1 1
github.com/cmsgov/easi-app/pkg/graph/schema.resolvers.go:55.9,55.33 1 1
github.com/cmsgov/easi-app/pkg/graph/schema.resolvers.go:55.33,57.4 1 1
github.com/cmsgov/easi-app/pkg/graph/schema.resolvers.go:57.9,59.4 1 1
github.com/cmsgov/easi-app/pkg/graph/schema.resolvers.go:65.138,67.16 2 0
github.com/cmsgov/easi-app/pkg/graph/schema.resolvers.go:71.2,75.30 4 0
github.com/cmsgov/easi-app/pkg/graph/schema.resolvers.go:91.2,91.23 1 0
github.com/cmsgov/easi-app/pkg/graph/schema.resolvers.go:95.2,95.24 1 0
github.com/cmsgov/easi-app/pkg/graph/schema.resolvers.go:67.16,69.3 1 0
github.com/cmsgov/easi-app/pkg/graph/schema.resolvers.go:75.30,76.25 1 0
github.com/cmsgov/easi-app/pkg/graph/schema.resolvers.go:82.3,82.26 1 0
github.com/cmsgov/easi-app/pkg/graph/schema.resolvers.go:76.25,77.60 1 0
github.com/cmsgov/easi-app/pkg/graph/schema.resolvers.go:77.60,79.13 2 0
github.com/cmsgov/easi-app/pkg/graph/schema.resolvers.go:82.26,83.61 1 0
github.com/cmsgov/easi-app/pkg/graph/schema.resolvers.go:83.61,85.13 2 0
github.com/cmsgov/easi-app/pkg/graph/schema.resolvers.go:91.23,93.3 1 0
github.com/cmsgov/easi-app/pkg/graph/schema.resolvers.go:98.126,100.22 2 1
github.com/cmsgov/easi-app/pkg/graph/schema.resolvers.go:103.2,108.20 2 1
github.com/cmsgov/easi-app/pkg/graph/schema.resolvers.go:100.22,102.3 1 0
github.com/cmsgov/easi-app/pkg/graph/schema.resolvers.go:111.133,113.2 1 0
github.com/cmsgov/easi-app/pkg/graph/schema.resolvers.go:115.158,117.2 1 1
github.com/cmsgov/easi-app/pkg/graph/schema.resolvers.go:119.145,121.2 1 1
github.com/cmsgov/easi-app/pkg/graph/schema.resolvers.go:123.126,125.2 1 0
github.com/cmsgov/easi-app/pkg/graph/schema.resolvers.go:127.173,132.2 1 0
github.com/cmsgov/easi-app/pkg/graph/schema.resolvers.go:134.136,136.2 1 1
github.com/cmsgov/easi-app/pkg/graph/schema.resolvers.go:138.142,140.2 1 1
github.com/cmsgov/easi-app/pkg/graph/schema.resolvers.go:142.130,144.16 2 1
github.com/cmsgov/easi-app/pkg/graph/schema.resolvers.go:147.2,147.29 1 1
github.com/cmsgov/easi-app/pkg/graph/schema.resolvers.go:144.16,146.3 1 0
github.com/cmsgov/easi-app/pkg/graph/schema.resolvers.go:150.137,165.2 1 1
github.com/cmsgov/easi-app/pkg/graph/schema.resolvers.go:167.137,182.2 1 0
github.com/cmsgov/easi-app/pkg/graph/schema.resolvers.go:184.133,192.2 1 0
github.com/cmsgov/easi-app/pkg/graph/schema.resolvers.go:194.109,196.2 1 0
github.com/cmsgov/easi-app/pkg/graph/schema.resolvers.go:198.110,200.2 1 0
github.com/cmsgov/easi-app/pkg/graph/schema.resolvers.go:202.107,204.2 1 0
github.com/cmsgov/easi-app/pkg/graph/schema.resolvers.go:206.140,209.34 2 1
github.com/cmsgov/easi-app/pkg/graph/schema.resolvers.go:213.2,214.42 2 1
github.com/cmsgov/easi-app/pkg/graph/schema.resolvers.go:226.2,226.23 1 1
github.com/cmsgov/easi-app/pkg/graph/schema.resolvers.go:209.34,211.3 1 0
github.com/cmsgov/easi-app/pkg/graph/schema.resolvers.go:214.42,224.3 2 1
github.com/cmsgov/easi-app/pkg/graph/schema.resolvers.go:229.134,244.2 1 0
github.com/cmsgov/easi-app/pkg/graph/schema.resolvers.go:246.114,248.2 1 0
github.com/cmsgov/easi-app/pkg/graph/schema.resolvers.go:250.108,252.2 1 0
github.com/cmsgov/easi-app/pkg/graph/schema.resolvers.go:254.106,256.2 1 0
github.com/cmsgov/easi-app/pkg/graph/schema.resolvers.go:258.117,260.2 1 0
github.com/cmsgov/easi-app/pkg/graph/schema.resolvers.go:262.114,264.2 1 0
github.com/cmsgov/easi-app/pkg/graph/schema.resolvers.go:266.122,268.2 1 0
github.com/cmsgov/easi-app/pkg/graph/schema.resolvers.go:270.105,272.2 1 0
github.com/cmsgov/easi-app/pkg/graph/schema.resolvers.go:274.107,276.2 1 0
github.com/cmsgov/easi-app/pkg/graph/schema.resolvers.go:278.110,280.2 1 0
github.com/cmsgov/easi-app/pkg/graph/schema.resolvers.go:282.114,284.2 1 0
github.com/cmsgov/easi-app/pkg/graph/schema.resolvers.go:286.108,288.2 1 0
github.com/cmsgov/easi-app/pkg/graph/schema.resolvers.go:290.109,292.2 1 0
github.com/cmsgov/easi-app/pkg/graph/schema.resolvers.go:294.115,296.2 1 0
github.com/cmsgov/easi-app/pkg/graph/schema.resolvers.go:298.113,300.2 1 0
github.com/cmsgov/easi-app/pkg/graph/schema.resolvers.go:302.111,304.2 1 0
github.com/cmsgov/easi-app/pkg/graph/schema.resolvers.go:306.111,308.2 1 0
github.com/cmsgov/easi-app/pkg/graph/schema.resolvers.go:310.107,312.2 1 0
github.com/cmsgov/easi-app/pkg/graph/schema.resolvers.go:314.115,316.2 1 0
github.com/cmsgov/easi-app/pkg/graph/schema.resolvers.go:318.106,320.2 1 0
github.com/cmsgov/easi-app/pkg/graph/schema.resolvers.go:322.115,324.2 1 0
github.com/cmsgov/easi-app/pkg/graph/schema.resolvers.go:326.113,328.2 1 0
github.com/cmsgov/easi-app/pkg/graph/schema.resolvers.go:330.112,332.2 1 0
github.com/cmsgov/easi-app/pkg/graph/schema.resolvers.go:334.114,336.2 1 0
github.com/cmsgov/easi-app/pkg/graph/schema.resolvers.go:338.117,340.2 1 0
github.com/cmsgov/easi-app/pkg/graph/schema.resolvers.go:342.116,344.2 1 0
github.com/cmsgov/easi-app/pkg/graph/schema.resolvers.go:346.120,348.2 1 0
github.com/cmsgov/easi-app/pkg/graph/schema.resolvers.go:350.117,352.2 1 0
github.com/cmsgov/easi-app/pkg/graph/schema.resolvers.go:354.113,356.2 1 0
github.com/cmsgov/easi-app/pkg/graph/schema.resolvers.go:358.122,360.2 1 0
github.com/cmsgov/easi-app/pkg/graph/schema.resolvers.go:362.108,364.2 1 0
github.com/cmsgov/easi-app/pkg/graph/schema.resolvers.go:366.109,368.2 1 0
github.com/cmsgov/easi-app/pkg/graph/schema.resolvers.go:370.110,372.2 1 0
github.com/cmsgov/easi-app/pkg/graph/schema.resolvers.go:374.107,376.2 1 0
github.com/cmsgov/easi-app/pkg/graph/schema.resolvers.go:378.104,380.2 1 0
github.com/cmsgov/easi-app/pkg/graph/schema.resolvers.go:382.104,384.2 1 0
github.com/cmsgov/easi-app/pkg/graph/schema.resolvers.go:386.106,388.2 1 0
github.com/cmsgov/easi-app/pkg/graph/schema.resolvers.go:390.108,392.2 1 0
github.com/cmsgov/easi-app/pkg/graph/schema.resolvers.go:394.107,396.2 1 0
github.com/cmsgov/easi-app/pkg/graph/schema.resolvers.go:398.104,400.2 1 0
github.com/cmsgov/easi-app/pkg/graph/schema.resolvers.go:402.103,404.2 1 0
github.com/cmsgov/easi-app/pkg/graph/schema.resolvers.go:406.103,408.2 1 0
github.com/cmsgov/easi-app/pkg/graph/schema.resolvers.go:410.103,412.2 1 0
github.com/cmsgov/easi-app/pkg/graph/schema.resolvers.go:414.97,416.2 1 0
github.com/cmsgov/easi-app/pkg/graph/schema.resolvers.go:418.101,420.2 1 0
github.com/cmsgov/easi-app/pkg/graph/schema.resolvers.go:422.161,436.16 2 0
github.com/cmsgov/easi-app/pkg/graph/schema.resolvers.go:440.2,440.63 1 0
github.com/cmsgov/easi-app/pkg/graph/schema.resolvers.go:436.16,438.3 1 0
github.com/cmsgov/easi-app/pkg/graph/schema.resolvers.go:443.165,457.16 2 0
github.com/cmsgov/easi-app/pkg/graph/schema.resolvers.go:461.2,461.63 1 0
github.com/cmsgov/easi-app/pkg/graph/schema.resolvers.go:457.16,459.3 1 0
github.com/cmsgov/easi-app/pkg/graph/schema.resolvers.go:464.157,478.16 2 0
github.com/cmsgov/easi-app/pkg/graph/schema.resolvers.go:482.2,482.63 1 0
github.com/cmsgov/easi-app/pkg/graph/schema.resolvers.go:478.16,480.3 1 0
github.com/cmsgov/easi-app/pkg/graph/schema.resolvers.go:485.171,488.16 3 0
github.com/cmsgov/easi-app/pkg/graph/schema.resolvers.go:492.2,493.16 2 0
github.com/cmsgov/easi-app/pkg/graph/schema.resolvers.go:497.2,505.65 4 0
github.com/cmsgov/easi-app/pkg/graph/schema.resolvers.go:513.2,514.16 2 0
github.com/cmsgov/easi-app/pkg/graph/schema.resolvers.go:518.2,525.16 2 0
github.com/cmsgov/easi-app/pkg/graph/schema.resolvers.go:529.2,535.16 2 0
github.com/cmsgov/easi-app/pkg/graph/schema.resolvers.go:539.2,542.8 1 0
github.com/cmsgov/easi-app/pkg/graph/schema.resolvers.go:488.16,490.3 1 0
github.com/cmsgov/easi-app/pkg/graph/schema.resolvers.go:493.16,495.3 1 0
github.com/cmsgov/easi-app/pkg/graph/schema.resolvers.go:505.65,507.17 2 0
github.com/cmsgov/easi-app/pkg/graph/schema.resolvers.go:510.3,510.69 1 0
github.com/cmsgov/easi-app/pkg/graph/schema.resolvers.go:507.17,509.4 1 0
github.com/cmsgov/easi-app/pkg/graph/schema.resolvers.go:514.16,516.3 1 0
github.com/cmsgov/easi-app/pkg/graph/schema.resolvers.go:525.16,527.3 1 0
github.com/cmsgov/easi-app/pkg/graph/schema.resolvers.go:535.16,537.3 1 0
github.com/cmsgov/easi-app/pkg/graph/schema.resolvers.go:545.171,547.16 2 1
github.com/cmsgov/easi-app/pkg/graph/schema.resolvers.go:551.2,553.16 3 1
github.com/cmsgov/easi-app/pkg/graph/schema.resolvers.go:557.2,558.16 2 1
github.com/cmsgov/easi-app/pkg/graph/schema.resolvers.go:561.2,561.9 1 1
github.com/cmsgov/easi-app/pkg/graph/schema.resolvers.go:565.2,566.16 2 1
github.com/cmsgov/easi-app/pkg/graph/schema.resolvers.go:570.2,571.16 2 1
github.com/cmsgov/easi-app/pkg/graph/schema.resolvers.go:575.2,580.28 2 1
github.com/cmsgov/easi-app/pkg/graph/schema.resolvers.go:584.2,584.69 1 1
github.com/cmsgov/easi-app/pkg/graph/schema.resolvers.go:547.16,549.3 1 0
github.com/cmsgov/easi-app/pkg/graph/schema.resolvers.go:553.16,555.3 1 0
github.com/cmsgov/easi-app/pkg/graph/schema.resolvers.go:558.16,560.3 1 0
github.com/cmsgov/easi-app/pkg/graph/schema.resolvers.go:561.9,563.3 1 0
github.com/cmsgov/easi-app/pkg/graph/schema.resolvers.go:566.16,568.3 1 0
github.com/cmsgov/easi-app/pkg/graph/schema.resolvers.go:571.16,573.3 1 0
github.com/cmsgov/easi-app/pkg/graph/schema.resolvers.go:580.28,582.3 1 0
github.com/cmsgov/easi-app/pkg/graph/schema.resolvers.go:587.195,589.19 2 1
github.com/cmsgov/easi-app/pkg/graph/schema.resolvers.go:593.2,594.19 2 1
github.com/cmsgov/easi-app/pkg/graph/schema.resolvers.go:598.2,599.23 2 1
github.com/cmsgov/easi-app/pkg/graph/schema.resolvers.go:602.2,603.20 2 1
github.com/cmsgov/easi-app/pkg/graph/schema.resolvers.go:606.2,606.9 1 1
github.com/cmsgov/easi-app/pkg/graph/schema.resolvers.go:610.2,611.16 2 1
github.com/cmsgov/easi-app/pkg/graph/schema.resolvers.go:615.2,625.19 2 1
github.com/cmsgov/easi-app/pkg/graph/schema.resolvers.go:628.2,628.79 1 1
github.com/cmsgov/easi-app/pkg/graph/schema.resolvers.go:632.2,640.16 2 1
github.com/cmsgov/easi-app/pkg/graph/schema.resolvers.go:644.2,646.8 1 1
github.com/cmsgov/easi-app/pkg/graph/schema.resolvers.go:589.19,591.3 1 0
github.com/cmsgov/easi-app/pkg/graph/schema.resolvers.go:594.19,596.3 1 0
github.com/cmsgov/easi-app/pkg/graph/schema.resolvers.go:599.23,601.3 1 0
github.com/cmsgov/easi-app/pkg/graph/schema.resolvers.go:603.20,605.3 1 0
github.com/cmsgov/easi-app/pkg/graph/schema.resolvers.go:606.9,608.3 1 0
github.com/cmsgov/easi-app/pkg/graph/schema.resolvers.go:611.16,613.3 1 0
github.com/cmsgov/easi-app/pkg/graph/schema.resolvers.go:625.19,627.3 1 0
github.com/cmsgov/easi-app/pkg/graph/schema.resolvers.go:628.79,630.3 1 1
github.com/cmsgov/easi-app/pkg/graph/schema.resolvers.go:640.16,642.3 1 0
github.com/cmsgov/easi-app/pkg/graph/schema.resolvers.go:649.183,650.22 1 1
github.com/cmsgov/easi-app/pkg/graph/schema.resolvers.go:657.2,662.16 2 1
github.com/cmsgov/easi-app/pkg/graph/schema.resolvers.go:666.2,666.27 1 1
github.com/cmsgov/easi-app/pkg/graph/schema.resolvers.go:683.2,683.93 1 1
github.com/cmsgov/easi-app/pkg/graph/schema.resolvers.go:650.22,655.3 1 1
github.com/cmsgov/easi-app/pkg/graph/schema.resolvers.go:662.16,664.3 1 1
github.com/cmsgov/easi-app/pkg/graph/schema.resolvers.go:666.27,668.17 2 0
github.com/cmsgov/easi-app/pkg/graph/schema.resolvers.go:672.3,673.17 2 0
github.com/cmsgov/easi-app/pkg/graph/schema.resolvers.go:677.3,678.17 2 0
github.com/cmsgov/easi-app/pkg/graph/schema.resolvers.go:668.17,670.4 1 0
github.com/cmsgov/easi-app/pkg/graph/schema.resolvers.go:673.17,675.4 1 0
github.com/cmsgov/easi-app/pkg/graph/schema.resolvers.go:678.17,680.4 1 0
github.com/cmsgov/easi-app/pkg/graph/schema.resolvers.go:686.195,688.16 2 0
github.com/cmsgov/easi-app/pkg/graph/schema.resolvers.go:691.2,692.16 2 0
github.com/cmsgov/easi-app/pkg/graph/schema.resolvers.go:695.2,696.16 2 0
github.com/cmsgov/easi-app/pkg/graph/schema.resolvers.go:699.2,699.9 1 0
github.com/cmsgov/easi-app/pkg/graph/schema.resolvers.go:702.2,704.16 2 0
github.com/cmsgov/easi-app/pkg/graph/schema.resolvers.go:708.2,708.77 1 0
github.com/cmsgov/easi-app/pkg/graph/schema.resolvers.go:688.16,690.3 1 0
github.com/cmsgov/easi-app/pkg/graph/schema.resolvers.go:692.16,694.3 1 0
github.com/cmsgov/easi-app/pkg/graph/schema.resolvers.go:696.16,698.3 1 0
github.com/cmsgov/easi-app/pkg/graph/schema.resolvers.go:699.9,701.3 1 0
github.com/cmsgov/easi-app/pkg/graph/schema.resolvers.go:704.16,706.3 1 0
github.com/cmsgov/easi-app/pkg/graph/schema.resolvers.go:711.185,714.184 2 0
github.com/cmsgov/easi-app/pkg/graph/schema.resolvers.go:763.2,765.8 1 0
github.com/cmsgov/easi-app/pkg/graph/schema.resolvers.go:714.184,717.17 2 0
github.com/cmsgov/easi-app/pkg/graph/schema.resolvers.go:721.3,722.17 2 0
github.com/cmsgov/easi-app/pkg/graph/schema.resolvers.go:726.3,727.17 2 0
github.com/cmsgov/easi-app/pkg/graph/schema.resolvers.go:731.3,736.17 2 0
github.com/cmsgov/easi-app/pkg/graph/schema.resolvers.go:740.3,740.48 1 0
github.com/cmsgov/easi-app/pkg/graph/schema.resolvers.go:754.3,760.9 1 0
github.com/cmsgov/easi-app/pkg/graph/schema.resolvers.go:717.17,719.4 1 0
github.com/cmsgov/easi-app/pkg/graph/schema.resolvers.go:722.17,724.4 1 0
github.com/cmsgov/easi-app/pkg/graph/schema.resolvers.go:727.17,729.4 1 0
github.com/cmsgov/easi-app/pkg/graph/schema.resolvers.go:736.17,738.4 1 0
github.com/cmsgov/easi-app/pkg/graph/schema.resolvers.go:740.48,749.18 2 0
github.com/cmsgov/easi-app/pkg/graph/schema.resolvers.go:749.18,751.5 1 0
github.com/cmsgov/easi-app/pkg/graph/schema.resolvers.go:768.164,783.2 2 0
github.com/cmsgov/easi-app/pkg/graph/schema.resolvers.go:785.170,800.2 2 0
github.com/cmsgov/easi-app/pkg/graph/schema.resolvers.go:802.165,817.2 2 0
github.com/cmsgov/easi-app/pkg/graph/schema.resolvers.go:819.164,834.2 2 0
github.com/cmsgov/easi-app/pkg/graph/schema.resolvers.go:836.158,851.2 2 0
github.com/cmsgov/easi-app/pkg/graph/schema.resolvers.go:853.164,868.2 2 0
github.com/cmsgov/easi-app/pkg/graph/schema.resolvers.go:870.157,885.2 2 0
github.com/cmsgov/easi-app/pkg/graph/schema.resolvers.go:887.155,902.2 2 0
github.com/cmsgov/easi-app/pkg/graph/schema.resolvers.go:904.216,907.16 3 1
github.com/cmsgov/easi-app/pkg/graph/schema.resolvers.go:911.2,911.33 1 1
github.com/cmsgov/easi-app/pkg/graph/schema.resolvers.go:917.2,917.23 1 1
github.com/cmsgov/easi-app/pkg/graph/schema.resolvers.go:923.2,930.16 2 1
github.com/cmsgov/easi-app/pkg/graph/schema.resolvers.go:934.2,945.16 2 1
github.com/cmsgov/easi-app/pkg/graph/schema.resolvers.go:949.2,951.8 1 1
github.com/cmsgov/easi-app/pkg/graph/schema.resolvers.go:907.16,909.3 1 0
github.com/cmsgov/easi-app/pkg/graph/schema.resolvers.go:911.33,915.3 1 1
github.com/cmsgov/easi-app/pkg/graph/schema.resolvers.go:917.23,921.3 1 1
github.com/cmsgov/easi-app/pkg/graph/schema.resolvers.go:930.16,932.3 1 0
github.com/cmsgov/easi-app/pkg/graph/schema.resolvers.go:945.16,947.3 1 0
github.com/cmsgov/easi-app/pkg/graph/schema.resolvers.go:954.146,970.2 2 0
github.com/cmsgov/easi-app/pkg/graph/schema.resolvers.go:972.135,981.2 3 1
github.com/cmsgov/easi-app/pkg/graph/schema.resolvers.go:983.135,990.16 2 0
github.com/cmsgov/easi-app/pkg/graph/schema.resolvers.go:993.2,993.79 1 0
github.com/cmsgov/easi-app/pkg/graph/schema.resolvers.go:990.16,992.3 1 0
github.com/cmsgov/easi-app/pkg/graph/schema.resolvers.go:996.135,1003.16 2 0
github.com/cmsgov/easi-app/pkg/graph/schema.resolvers.go:1006.2,1006.79 1 0
github.com/cmsgov/easi-app/pkg/graph/schema.resolvers.go:1003.16,1005.3 1 0
github.com/cmsgov/easi-app/pkg/graph/schema.resolvers.go:1009.135,1013.16 2 0
github.com/cmsgov/easi-app/pkg/graph/schema.resolvers.go:1016.2,1016.79 1 0
github.com/cmsgov/easi-app/pkg/graph/schema.resolvers.go:1013.16,1015.3 1 0
github.com/cmsgov/easi-app/pkg/graph/schema.resolvers.go:1019.171,1021.16 2 1
github.com/cmsgov/easi-app/pkg/graph/schema.resolvers.go:1024.2,1026.8 1 1
github.com/cmsgov/easi-app/pkg/graph/schema.resolvers.go:1021.16,1023.3 1 0
github.com/cmsgov/easi-app/pkg/graph/schema.resolvers.go:1029.143,1047.2 2 1
github.com/cmsgov/easi-app/pkg/graph/schema.resolvers.go:1049.148,1063.16 2 0
github.com/cmsgov/easi-app/pkg/graph/schema.resolvers.go:1067.2,1067.63 1 0
github.com/cmsgov/easi-app/pkg/graph/schema.resolvers.go:1063.16,1065.3 1 0
github.com/cmsgov/easi-app/pkg/graph/schema.resolvers.go:1070.135,1085.2 2 0
github.com/cmsgov/easi-app/pkg/graph/schema.resolvers.go:1087.135,1089.16 2 1
github.com/cmsgov/easi-app/pkg/graph/schema.resolvers.go:1093.2,1095.16 3 1
github.com/cmsgov/easi-app/pkg/graph/schema.resolvers.go:1099.2,1109.16 2 1
github.com/cmsgov/easi-app/pkg/graph/schema.resolvers.go:1113.2,1114.16 2 1
github.com/cmsgov/easi-app/pkg/graph/schema.resolvers.go:1118.2,1120.8 1 1
github.com/cmsgov/easi-app/pkg/graph/schema.resolvers.go:1089.16,1091.3 1 0
github.com/cmsgov/easi-app/pkg/graph/schema.resolvers.go:1095.16,1097.3 1 0
github.com/cmsgov/easi-app/pkg/graph/schema.resolvers.go:1109.16,1111.3 1 0
github.com/cmsgov/easi-app/pkg/graph/schema.resolvers.go:1114.16,1116.3 1 0
github.com/cmsgov/easi-app/pkg/graph/schema.resolvers.go:1123.165,1132.2 3 0
github.com/cmsgov/easi-app/pkg/graph/schema.resolvers.go:1134.169,1139.2 2 0
github.com/cmsgov/easi-app/pkg/graph/schema.resolvers.go:1141.175,1143.16 2 1
github.com/cmsgov/easi-app/pkg/graph/schema.resolvers.go:1146.2,1153.58 7 1
github.com/cmsgov/easi-app/pkg/graph/schema.resolvers.go:1159.2,1159.44 1 1
github.com/cmsgov/easi-app/pkg/graph/schema.resolvers.go:1189.2,1192.8 2 1
github.com/cmsgov/easi-app/pkg/graph/schema.resolvers.go:1143.16,1145.3 1 0
github.com/cmsgov/easi-app/pkg/graph/schema.resolvers.go:1153.58,1155.3 1 1
github.com/cmsgov/easi-app/pkg/graph/schema.resolvers.go:1155.8,1157.3 1 1
github.com/cmsgov/easi-app/pkg/graph/schema.resolvers.go:1159.44,1161.52 2 1
github.com/cmsgov/easi-app/pkg/graph/schema.resolvers.go:1166.3,1169.52 3 1
github.com/cmsgov/easi-app/pkg/graph/schema.resolvers.go:1174.3,1177.52 3 1
github.com/cmsgov/easi-app/pkg/graph/schema.resolvers.go:1182.3,1182.49 1 1
github.com/cmsgov/easi-app/pkg/graph/schema.resolvers.go:1161.52,1162.42 1 1
github.com/cmsgov/easi-app/pkg/graph/schema.resolvers.go:1162.42,1164.5 1 1
github.com/cmsgov/easi-app/pkg/graph/schema.resolvers.go:1169.52,1170.37 1 1
github.com/cmsgov/easi-app/pkg/graph/schema.resolvers.go:1170.37,1172.5 1 1
github.com/cmsgov/easi-app/pkg/graph/schema.resolvers.go:1177.52,1178.44 1 1
github.com/cmsgov/easi-app/pkg/graph/schema.resolvers.go:1178.44,1180.5 1 1
github.com/cmsgov/easi-app/pkg/graph/schema.resolvers.go:1183.8,1187.3 3 0
github.com/cmsgov/easi-app/pkg/graph/schema.resolvers.go:1195.175,1197.16 2 1
github.com/cmsgov/easi-app/pkg/graph/schema.resolvers.go:1200.2,1207.65 7 1
github.com/cmsgov/easi-app/pkg/graph/schema.resolvers.go:1215.2,1218.8 2 1
github.com/cmsgov/easi-app/pkg/graph/schema.resolvers.go:1197.16,1199.3 1 0
github.com/cmsgov/easi-app/pkg/graph/schema.resolvers.go:1207.65,1209.17 2 0
github.com/cmsgov/easi-app/pkg/graph/schema.resolvers.go:1212.3,1212.65 1 0
github.com/cmsgov/easi-app/pkg/graph/schema.resolvers.go:1209.17,1211.4 1 0
github.com/cmsgov/easi-app/pkg/graph/schema.resolvers.go:1221.177,1223.16 2 1
github.com/cmsgov/easi-app/pkg/graph/schema.resolvers.go:1227.2,1229.32 2 1
github.com/cmsgov/easi-app/pkg/graph/schema.resolvers.go:1243.2,1243.24 1 1
github.com/cmsgov/easi-app/pkg/graph/schema.resolvers.go:1259.2,1259.27 1 1
github.com/cmsgov/easi-app/pkg/graph/schema.resolvers.go:1282.2,1285.8 2 1
github.com/cmsgov/easi-app/pkg/graph/schema.resolvers.go:1223.16,1225.3 1 0
github.com/cmsgov/easi-app/pkg/graph/schema.resolvers.go:1229.32,1230.67 1 1
github.com/cmsgov/easi-app/pkg/graph/schema.resolvers.go:1236.3,1236.68 1 1
github.com/cmsgov/easi-app/pkg/graph/schema.resolvers.go:1230.67,1234.4 3 1
github.com/cmsgov/easi-app/pkg/graph/schema.resolvers.go:1236.68,1240.4 3 1
github.com/cmsgov/easi-app/pkg/graph/schema.resolvers.go:1243.24,1247.45 3 1
github.com/cmsgov/easi-app/pkg/graph/schema.resolvers.go:1247.45,1248.49 1 1
github.com/cmsgov/easi-app/pkg/graph/schema.resolvers.go:1252.4,1252.49 1 1
github.com/cmsgov/easi-app/pkg/graph/schema.resolvers.go:1248.49,1251.5 2 1
github.com/cmsgov/easi-app/pkg/graph/schema.resolvers.go:1252.49,1255.5 2 1
github.com/cmsgov/easi-app/pkg/graph/schema.resolvers.go:1259.27,1264.38 4 1
github.com/cmsgov/easi-app/pkg/graph/schema.resolvers.go:1267.3,1267.36 1 1
github.com/cmsgov/easi-app/pkg/graph/schema.resolvers.go:1272.3,1272.40 1 1
github.com/cmsgov/easi-app/pkg/graph/schema.resolvers.go:1264.38,1266.4 1 1
github.com/cmsgov/easi-app/pkg/graph/schema.resolvers.go:1267.36,1269.4 1 1
github.com/cmsgov/easi-app/pkg/graph/schema.resolvers.go:1272.40,1273.99 1 1
github.com/cmsgov/easi-app/pkg/graph/schema.resolvers.go:1273.99,1278.5 4 1
github.com/cmsgov/easi-app/pkg/graph/schema.resolvers.go:1288.168,1297.2 3 0
github.com/cmsgov/easi-app/pkg/graph/schema.resolvers.go:1299.168,1303.16 2 0
github.com/cmsgov/easi-app/pkg/graph/schema.resolvers.go:1306.2,1306.89 1 0
github.com/cmsgov/easi-app/pkg/graph/schema.resolvers.go:1303.16,1305.3 1 0
github.com/cmsgov/easi-app/pkg/graph/schema.resolvers.go:1309.119,1312.16 2 1
github.com/cmsgov/easi-app/pkg/graph/schema.resolvers.go:1315.2,1316.16 2 1
github.com/cmsgov/easi-app/pkg/graph/schema.resolvers.go:1319.2,1319.9 1 1
github.com/cmsgov/easi-app/pkg/graph/schema.resolvers.go:1322.2,1322.34 1 1
github.com/cmsgov/easi-app/pkg/graph/schema.resolvers.go:1312.16,1314.3 1 0
github.com/cmsgov/easi-app/pkg/graph/schema.resolvers.go:1316.16,1318.3 1 0
github.com/cmsgov/easi-app/pkg/graph/schema.resolvers.go:1319.9,1321.3 1 0
github.com/cmsgov/easi-app/pkg/graph/schema.resolvers.go:1325.142,1327.21 2 0
github.com/cmsgov/easi-app/pkg/graph/schema.resolvers.go:1331.2,1333.35 2 0
github.com/cmsgov/easi-app/pkg/graph/schema.resolvers.go:1340.2,1340.66 1 0
github.com/cmsgov/easi-app/pkg/graph/schema.resolvers.go:1327.21,1329.3 1 0
github.com/cmsgov/easi-app/pkg/graph/schema.resolvers.go:1333.35,1338.3 2 0
github.com/cmsgov/easi-app/pkg/graph/schema.resolvers.go:1343.116,1345.21 2 0
github.com/cmsgov/easi-app/pkg/graph/schema.resolvers.go:1349.2,1351.35 2 0
github.com/cmsgov/easi-app/pkg/graph/schema.resolvers.go:1367.2,1367.53 1 0
github.com/cmsgov/easi-app/pkg/graph/schema.resolvers.go:1345.21,1347.3 1 0
github.com/cmsgov/easi-app/pkg/graph/schema.resolvers.go:1351.35,1365.3 2 0
github.com/cmsgov/easi-app/pkg/graph/schema.resolvers.go:1370.103,1372.16 2 1
github.com/cmsgov/easi-app/pkg/graph/schema.resolvers.go:1376.2,1377.16 2 1
github.com/cmsgov/easi-app/pkg/graph/schema.resolvers.go:1380.2,1380.9 1 1
github.com/cmsgov/easi-app/pkg/graph/schema.resolvers.go:1384.2,1384.20 1 1
github.com/cmsgov/easi-app/pkg/graph/schema.resolvers.go:1372.16,1374.3 1 0
github.com/cmsgov/easi-app/pkg/graph/schema.resolvers.go:1377.16,1379.3 1 0
github.com/cmsgov/easi-app/pkg/graph/schema.resolvers.go:1380.9,1382.3 1 0
github.com/cmsgov/easi-app/pkg/graph/schema.resolvers.go:1387.113,1389.16 2 0
github.com/cmsgov/easi-app/pkg/graph/schema.resolvers.go:1393.2,1394.33 2 0
github.com/cmsgov/easi-app/pkg/graph/schema.resolvers.go:1403.2,1403.18 1 0
github.com/cmsgov/easi-app/pkg/graph/schema.resolvers.go:1389.16,1391.3 1 0
github.com/cmsgov/easi-app/pkg/graph/schema.resolvers.go:1394.33,1402.3 2 0
github.com/cmsgov/easi-app/pkg/graph/schema.resolvers.go:1406.86,1418.2 5 1
github.com/cmsgov/easi-app/pkg/graph/schema.resolvers.go:1420.98,1422.16 2 0
github.com/cmsgov/easi-app/pkg/graph/schema.resolvers.go:1425.2,1425.25 1 0
github.com/cmsgov/easi-app/pkg/graph/schema.resolvers.go:1422.16,1424.3 1 0
github.com/cmsgov/easi-app/pkg/graph/schema.resolvers.go:1428.90,1430.16 2 0
github.com/cmsgov/easi-app/pkg/graph/schema.resolvers.go:1433.2,1433.26 1 0
github.com/cmsgov/easi-app/pkg/graph/schema.resolvers.go:1430.16,1432.3 1 0
github.com/cmsgov/easi-app/pkg/graph/schema.resolvers.go:1436.106,1438.16 2 0
github.com/cmsgov/easi-app/pkg/graph/schema.resolvers.go:1441.2,1441.34 1 0
github.com/cmsgov/easi-app/pkg/graph/schema.resolvers.go:1438.16,1440.3 1 0
github.com/cmsgov/easi-app/pkg/graph/schema.resolvers.go:1444.165,1446.60 2 0
github.com/cmsgov/easi-app/pkg/graph/schema.resolvers.go:1462.2,1463.16 2 0
github.com/cmsgov/easi-app/pkg/graph/schema.resolvers.go:1467.2,1467.32 1 0
github.com/cmsgov/easi-app/pkg/graph/schema.resolvers.go:1471.2,1471.30 1 0
github.com/cmsgov/easi-app/pkg/graph/schema.resolvers.go:1446.60,1449.28 2 0
github.com/cmsgov/easi-app/pkg/graph/schema.resolvers.go:1453.3,1453.19 1 0
github.com/cmsgov/easi-app/pkg/graph/schema.resolvers.go:1457.3,1457.20 1 0
github.com/cmsgov/easi-app/pkg/graph/schema.resolvers.go:1449.28,1451.4 1 0
github.com/cmsgov/easi-app/pkg/graph/schema.resolvers.go:1453.19,1455.4 1 0
github.com/cmsgov/easi-app/pkg/graph/schema.resolvers.go:1457.20,1459.4 1 0
github.com/cmsgov/easi-app/pkg/graph/schema.resolvers.go:1463.16,1465.3 1 0
github.com/cmsgov/easi-app/pkg/graph/schema.resolvers.go:1467.32,1469.3 1 0
github.com/cmsgov/easi-app/pkg/graph/schema.resolvers.go:1474.118,1476.16 2 0
github.com/cmsgov/easi-app/pkg/graph/schema.resolvers.go:1480.2,1480.26 1 0
github.com/cmsgov/easi-app/pkg/graph/schema.resolvers.go:1484.2,1484.24 1 0
github.com/cmsgov/easi-app/pkg/graph/schema.resolvers.go:1476.16,1478.3 1 0
github.com/cmsgov/easi-app/pkg/graph/schema.resolvers.go:1480.26,1482.3 1 0
github.com/cmsgov/easi-app/pkg/graph/schema.resolvers.go:1487.117,1491.20 4 0
github.com/cmsgov/easi-app/pkg/graph/schema.resolvers.go:1496.2,1498.20 3 0
github.com/cmsgov/easi-app/pkg/graph/schema.resolvers.go:1503.2,1506.20 3 0
github.com/cmsgov/easi-app/pkg/graph/schema.resolvers.go:1510.2,1510.33 1 0
github.com/cmsgov/easi-app/pkg/graph/schema.resolvers.go:1514.2,1520.24 2 0
github.com/cmsgov/easi-app/pkg/graph/schema.resolvers.go:1491.20,1494.3 2 0
github.com/cmsgov/easi-app/pkg/graph/schema.resolvers.go:1498.20,1501.3 2 0
github.com/cmsgov/easi-app/pkg/graph/schema.resolvers.go:1506.20,1509.3 2 0
github.com/cmsgov/easi-app/pkg/graph/schema.resolvers.go:1510.33,1512.3 1 0
github.com/cmsgov/easi-app/pkg/graph/schema.resolvers.go:1523.124,1525.23 2 1
github.com/cmsgov/easi-app/pkg/graph/schema.resolvers.go:1529.2,1530.33 2 1
github.com/cmsgov/easi-app/pkg/graph/schema.resolvers.go:1556.2,1556.21 1 1
github.com/cmsgov/easi-app/pkg/graph/schema.resolvers.go:1525.23,1527.3 1 0
github.com/cmsgov/easi-app/pkg/graph/schema.resolvers.go:1530.33,1542.98 2 1
github.com/cmsgov/easi-app/pkg/graph/schema.resolvers.go:1554.3,1554.42 1 1
github.com/cmsgov/easi-app/pkg/graph/schema.resolvers.go:1542.98,1553.4 1 1
github.com/cmsgov/easi-app/pkg/graph/schema.resolvers.go:1559.106,1561.2 1 0
github.com/cmsgov/easi-app/pkg/graph/schema.resolvers.go:1563.122,1564.31 1 1
github.com/cmsgov/easi-app/pkg/graph/schema.resolvers.go:1567.2,1567.64 1 1
github.com/cmsgov/easi-app/pkg/graph/schema.resolvers.go:1564.31,1566.3 1 0
github.com/cmsgov/easi-app/pkg/graph/schema.resolvers.go:1570.109,1572.2 1 1
github.com/cmsgov/easi-app/pkg/graph/schema.resolvers.go:1574.135,1579.2 1 1
github.com/cmsgov/easi-app/pkg/graph/schema.resolvers.go:1581.113,1583.2 1 1
github.com/cmsgov/easi-app/pkg/graph/schema.resolvers.go:1585.125,1587.42 2 1
github.com/cmsgov/easi-app/pkg/graph/schema.resolvers.go:1591.2,1591.41 1 1
github.com/cmsgov/easi-app/pkg/graph/schema.resolvers.go:1595.2,1595.32 1 1
github.com/cmsgov/easi-app/pkg/graph/schema.resolvers.go:1608.2,1609.44 2 1
github.com/cmsgov/easi-app/pkg/graph/schema.resolvers.go:1613.2,1613.43 1 1
github.com/cmsgov/easi-app/pkg/graph/schema.resolvers.go:1617.2,1617.34 1 1
github.com/cmsgov/easi-app/pkg/graph/schema.resolvers.go:1630.2,1636.8 1 1
github.com/cmsgov/easi-app/pkg/graph/schema.resolvers.go:1587.42,1589.3 1 1
github.com/cmsgov/easi-app/pkg/graph/schema.resolvers.go:1591.41,1593.3 1 1
github.com/cmsgov/easi-app/pkg/graph/schema.resolvers.go:1595.32,1606.3 8 1
github.com/cmsgov/easi-app/pkg/graph/schema.resolvers.go:1609.44,1611.3 1 1
github.com/cmsgov/easi-app/pkg/graph/schema.resolvers.go:1613.43,1615.3 1 1
github.com/cmsgov/easi-app/pkg/graph/schema.resolvers.go:1617.34,1628.3 8 1
github.com/cmsgov/easi-app/pkg/graph/schema.resolvers.go:1639.119,1644.2 1 1
github.com/cmsgov/easi-app/pkg/graph/schema.resolvers.go:1646.109,1648.2 1 1
github.com/cmsgov/easi-app/pkg/graph/schema.resolvers.go:1650.114,1652.2 1 1
github.com/cmsgov/easi-app/pkg/graph/schema.resolvers.go:1654.111,1656.2 1 0
github.com/cmsgov/easi-app/pkg/graph/schema.resolvers.go:1658.115,1660.2 1 0
github.com/cmsgov/easi-app/pkg/graph/schema.resolvers.go:1662.105,1664.2 1 0
github.com/cmsgov/easi-app/pkg/graph/schema.resolvers.go:1666.135,1672.2 1 1
github.com/cmsgov/easi-app/pkg/graph/schema.resolvers.go:1674.138,1677.45 2 1
github.com/cmsgov/easi-app/pkg/graph/schema.resolvers.go:1692.2,1692.53 1 1
github.com/cmsgov/easi-app/pkg/graph/schema.resolvers.go:1707.2,1707.44 1 1
github.com/cmsgov/easi-app/pkg/graph/schema.resolvers.go:1722.2,1726.8 2 1
github.com/cmsgov/easi-app/pkg/graph/schema.resolvers.go:1677.45,1690.3 5 1
github.com/cmsgov/easi-app/pkg/graph/schema.resolvers.go:1692.53,1705.3 5 1
github.com/cmsgov/easi-app/pkg/graph/schema.resolvers.go:1707.44,1720.3 5 1
github.com/cmsgov/easi-app/pkg/graph/schema.resolvers.go:1729.123,1731.2 1 0
github.com/cmsgov/easi-app/pkg/graph/schema.resolvers.go:1733.117,1740.2 2 1
github.com/cmsgov/easi-app/pkg/graph/schema.resolvers.go:1742.101,1744.2 1 1
github.com/cmsgov/easi-app/pkg/graph/schema.resolvers.go:1746.106,1748.2 1 1
github.com/cmsgov/easi-app/pkg/graph/schema.resolvers.go:1750.113,1752.2 1 1
github.com/cmsgov/easi-app/pkg/graph/schema.resolvers.go:1754.109,1756.2 1 1
github.com/cmsgov/easi-app/pkg/graph/schema.resolvers.go:1758.120,1760.21 2 1
github.com/cmsgov/easi-app/pkg/graph/schema.resolvers.go:1764.2,1765.26 2 1
github.com/cmsgov/easi-app/pkg/graph/schema.resolvers.go:1776.2,1776.24 1 1
github.com/cmsgov/easi-app/pkg/graph/schema.resolvers.go:1760.21,1762.3 1 0
github.com/cmsgov/easi-app/pkg/graph/schema.resolvers.go:1765.26,1775.3 1 1
github.com/cmsgov/easi-app/pkg/graph/schema.resolvers.go:1779.120,1781.2 1 0
github.com/cmsgov/easi-app/pkg/graph/schema.resolvers.go:1783.124,1785.2 1 0
github.com/cmsgov/easi-app/pkg/graph/schema.resolvers.go:1787.137,1792.2 1 1
github.com/cmsgov/easi-app/pkg/graph/schema.resolvers.go:1794.111,1796.2 1 0
github.com/cmsgov/easi-app/pkg/graph/schema.resolvers.go:1798.112,1800.2 1 0
github.com/cmsgov/easi-app/pkg/graph/schema.resolvers.go:1802.108,1804.2 1 1
github.com/cmsgov/easi-app/pkg/graph/schema.resolvers.go:1806.127,1812.2 1 1
github.com/cmsgov/easi-app/pkg/graph/schema.resolvers.go:1814.112,1816.2 1 0
github.com/cmsgov/easi-app/pkg/graph/schema.resolvers.go:1818.116,1820.2 1 0
github.com/cmsgov/easi-app/pkg/graph/schema.resolvers.go:1822.115,1824.2 1 0
github.com/cmsgov/easi-app/pkg/graph/schema.resolvers.go:1826.123,1831.2 1 0
github.com/cmsgov/easi-app/pkg/graph/schema.resolvers.go:1833.110,1835.2 1 0
github.com/cmsgov/easi-app/pkg/graph/schema.resolvers.go:1838.82,1840.2 1 1
github.com/cmsgov/easi-app/pkg/graph/schema.resolvers.go:1843.98,1845.2 1 1
github.com/cmsgov/easi-app/pkg/graph/schema.resolvers.go:1848.90,1850.2 1 1
github.com/cmsgov/easi-app/pkg/graph/schema.resolvers.go:1853.66,1853.101 1 1
github.com/cmsgov/easi-app/pkg/graph/schema.resolvers.go:1856.72,1858.2 1 0
github.com/cmsgov/easi-app/pkg/graph/schema.resolvers.go:1861.72,1863.2 1 0
github.com/cmsgov/easi-app/pkg/graph/schema.resolvers.go:1866.60,1866.92 1 0
github.com/cmsgov/easi-app/pkg/graph/schema.resolvers.go:1869.58,1869.89 1 1
github.com/cmsgov/easi-app/pkg/graph/schema.resolvers.go:1872.52,1872.80 1 1
github.com/cmsgov/easi-app/pkg/graph/schema.resolvers.go:1875.66,1875.101 1 1
github.com/cmsgov/easi-app/pkg/handlers/handler_base.go:17.53,22.2 1 1
github.com/cmsgov/easi-app/pkg/handlers/handler_base.go:43.82,50.2 1 1
github.com/cmsgov/easi-app/pkg/handlers/handler_base.go:52.59,53.27 1 1
github.com/cmsgov/easi-app/pkg/handlers/handler_base.go:53.27,58.3 1 1
github.com/cmsgov/easi-app/pkg/handlers/handler_base.go:62.99,64.9 2 1
github.com/cmsgov/easi-app/pkg/handlers/handler_base.go:68.2,69.9 2 1
github.com/cmsgov/easi-app/pkg/handlers/handler_base.go:75.2,77.33 3 1
github.com/cmsgov/easi-app/pkg/handlers/handler_base.go:188.2,189.16 2 1
github.com/cmsgov/easi-app/pkg/handlers/handler_base.go:196.2,199.16 4 1
github.com/cmsgov/easi-app/pkg/handlers/handler_base.go:64.9,66.3 1 1
github.com/cmsgov/easi-app/pkg/handlers/handler_base.go:69.9,72.3 2 1
github.com/cmsgov/easi-app/pkg/handlers/handler_base.go:78.36,86.4 3 1
github.com/cmsgov/easi-app/pkg/handlers/handler_base.go:87.29,89.33 2 1
github.com/cmsgov/easi-app/pkg/handlers/handler_base.go:105.36,112.4 3 1
github.com/cmsgov/easi-app/pkg/handlers/handler_base.go:113.35,120.4 3 1
github.com/cmsgov/easi-app/pkg/handlers/handler_base.go:121.31,128.4 3 1
github.com/cmsgov/easi-app/pkg/handlers/handler_base.go:129.34,137.45 4 1
github.com/cmsgov/easi-app/pkg/handlers/handler_base.go:138.40,145.4 3 1
github.com/cmsgov/easi-app/pkg/handlers/handler_base.go:146.40,153.4 3 1
github.com/cmsgov/easi-app/pkg/handlers/handler_base.go:154.34,161.4 3 1
github.com/cmsgov/easi-app/pkg/handlers/handler_base.go:162.36,169.4 3 1
github.com/cmsgov/easi-app/pkg/handlers/handler_base.go:170.40,176.4 2 1
github.com/cmsgov/easi-app/pkg/handlers/handler_base.go:177.10,184.4 3 1
github.com/cmsgov/easi-app/pkg/handlers/handler_base.go:90.41,96.5 2 1
github.com/cmsgov/easi-app/pkg/handlers/handler_base.go:97.11,103.5 2 1
github.com/cmsgov/easi-app/pkg/handlers/handler_base.go:189.16,193.3 3 0
github.com/cmsgov/easi-app/pkg/handlers/handler_base.go:199.16,203.3 3 1
github.com/cmsgov/easi-app/pkg/handlers/health_check.go:11.86,16.2 1 0
github.com/cmsgov/easi-app/pkg/handlers/health_check.go:38.55,39.54 1 1
github.com/cmsgov/easi-app/pkg/handlers/health_check.go:39.54,47.17 3 1
github.com/cmsgov/easi-app/pkg/handlers/health_check.go:52.3,55.17 3 1
github.com/cmsgov/easi-app/pkg/handlers/health_check.go:47.17,50.4 2 0
github.com/cmsgov/easi-app/pkg/handlers/health_check.go:55.17,58.4 2 0
github.com/cmsgov/easi-app/pkg/handlers/pdf.go:21.58,23.2 1 0
github.com/cmsgov/easi-app/pkg/handlers/pdf.go:30.47,31.54 1 0
github.com/cmsgov/easi-app/pkg/handlers/pdf.go:31.54,34.21 2 0
github.com/cmsgov/easi-app/pkg/handlers/pdf.go:39.3,41.22 3 0
github.com/cmsgov/easi-app/pkg/handlers/pdf.go:46.3,47.25 2 0
github.com/cmsgov/easi-app/pkg/handlers/pdf.go:52.3,52.72 1 0
github.com/cmsgov/easi-app/pkg/handlers/pdf.go:34.21,37.4 2 0
github.com/cmsgov/easi-app/pkg/handlers/pdf.go:41.22,44.4 2 0
github.com/cmsgov/easi-app/pkg/handlers/pdf.go:47.25,50.4 2 0
github.com/cmsgov/easi-app/pkg/handlers/pdf.go:52.72,55.4 2 0
github.com/cmsgov/easi-app/pkg/handlers/system_intakes.go:16.95,21.2 1 0
github.com/cmsgov/easi-app/pkg/handlers/system_intakes.go:30.57,31.54 1 1
github.com/cmsgov/easi-app/pkg/handlers/system_intakes.go:31.54,32.19 1 1
github.com/cmsgov/easi-app/pkg/handlers/system_intakes.go:33.14,36.31 3 1
github.com/cmsgov/easi-app/pkg/handlers/system_intakes.go:40.4,41.18 2 1
github.com/cmsgov/easi-app/pkg/handlers/system_intakes.go:46.4,47.18 2 1
github.com/cmsgov/easi-app/pkg/handlers/system_intakes.go:52.4,55.18 3 1
github.com/cmsgov/easi-app/pkg/handlers/system_intakes.go:60.11,62.10 2 0
github.com/cmsgov/easi-app/pkg/handlers/system_intakes.go:36.31,38.5 1 0
github.com/cmsgov/easi-app/pkg/handlers/system_intakes.go:41.18,44.5 2 1
github.com/cmsgov/easi-app/pkg/handlers/system_intakes.go:47.18,50.5 2 0
github.com/cmsgov/easi-app/pkg/handlers/system_intakes.go:55.18,58.5 2 0
github.com/cmsgov/easi-app/pkg/handlers/backfill.go:16.68,21.2 1 0
github.com/cmsgov/easi-app/pkg/handlers/backfill.go:30.52,31.54 1 0
github.com/cmsgov/easi-app/pkg/handlers/backfill.go:31.54,32.19 1 0
github.com/cmsgov/easi-app/pkg/handlers/backfill.go:33.15,34.21 1 0
github.com/cmsgov/easi-app/pkg/handlers/backfill.go:42.4,48.48 4 0
github.com/cmsgov/easi-app/pkg/handlers/backfill.go:53.4,54.22 2 0
github.com/cmsgov/easi-app/pkg/handlers/backfill.go:58.4,59.14 2 0
github.com/cmsgov/easi-app/pkg/handlers/backfill.go:64.11,66.10 2 0
github.com/cmsgov/easi-app/pkg/handlers/backfill.go:34.21,41.5 2 0
github.com/cmsgov/easi-app/pkg/handlers/backfill.go:48.48,51.5 2 0
github.com/cmsgov/easi-app/pkg/handlers/backfill.go:54.22,57.5 2 0
github.com/cmsgov/easi-app/pkg/handlers/backfill.go:59.14,61.5 1 0
github.com/cmsgov/easi-app/pkg/handlers/backfill.go:61.10,63.5 1 0
github.com/cmsgov/easi-app/pkg/handlers/catch_all.go:10.59,12.2 1 0
github.com/cmsgov/easi-app/pkg/handlers/catch_all.go:20.52,21.54 1 1
github.com/cmsgov/easi-app/pkg/handlers/catch_all.go:21.54,23.3 1 1
github.com/cmsgov/easi-app/pkg/handlers/metrics.go:19.101,24.2 1 0
github.com/cmsgov/easi-app/pkg/handlers/metrics.go:33.63,34.54 1 1
github.com/cmsgov/easi-app/pkg/handlers/metrics.go:34.54,35.19 1 1
github.com/cmsgov/easi-app/pkg/handlers/metrics.go:36.14,44.41 3 1
github.com/cmsgov/easi-app/pkg/handlers/metrics.go:50.4,51.18 2 1
github.com/cmsgov/easi-app/pkg/handlers/metrics.go:57.4,59.10 3 1
github.com/cmsgov/easi-app/pkg/handlers/metrics.go:68.4,69.18 2 1
github.com/cmsgov/easi-app/pkg/handlers/metrics.go:74.4,75.18 2 1
github.com/cmsgov/easi-app/pkg/handlers/metrics.go:80.4,83.18 3 1
github.com/cmsgov/easi-app/pkg/handlers/metrics.go:87.11,89.10 2 1
github.com/cmsgov/easi-app/pkg/handlers/metrics.go:44.41,49.5 4 1
github.com/cmsgov/easi-app/pkg/handlers/metrics.go:51.18,56.5 4 1
github.com/cmsgov/easi-app/pkg/handlers/metrics.go:59.10,61.19 2 1
github.com/cmsgov/easi-app/pkg/handlers/metrics.go:61.19,66.6 4 1
github.com/cmsgov/easi-app/pkg/handlers/metrics.go:69.18,72.5 2 1
github.com/cmsgov/easi-app/pkg/handlers/metrics.go:75.18,78.5 2 0
github.com/cmsgov/easi-app/pkg/handlers/metrics.go:83.18,86.5 2 0
github.com/cmsgov/easi-app/pkg/handlers/metrics.go:95.124,100.2 1 0
github.com/cmsgov/easi-app/pkg/handlers/metrics.go:109.64,110.54 1 1
github.com/cmsgov/easi-app/pkg/handlers/metrics.go:110.54,117.17 4 1
github.com/cmsgov/easi-app/pkg/handlers/metrics.go:122.3,122.30 1 1
github.com/cmsgov/easi-app/pkg/handlers/metrics.go:130.3,135.17 5 1
github.com/cmsgov/easi-app/pkg/handlers/metrics.go:117.17,120.4 2 1
github.com/cmsgov/easi-app/pkg/handlers/metrics.go:122.30,124.18 2 1
github.com/cmsgov/easi-app/pkg/handlers/metrics.go:124.18,127.5 2 0
github.com/cmsgov/easi-app/pkg/handlers/metrics.go:135.17,138.4 2 0
github.com/cmsgov/easi-app/pkg/handlers/system_intake.go:29.23,36.2 1 0
github.com/cmsgov/easi-app/pkg/handlers/system_intake.go:48.56,49.54 1 1
github.com/cmsgov/easi-app/pkg/handlers/system_intake.go:49.54,50.19 1 1
github.com/cmsgov/easi-app/pkg/handlers/system_intake.go:51.14,58.16 3 1
github.com/cmsgov/easi-app/pkg/handlers/system_intake.go:63.4,64.18 2 1
github.com/cmsgov/easi-app/pkg/handlers/system_intake.go:69.4,70.18 2 1
github.com/cmsgov/easi-app/pkg/handlers/system_intake.go:75.4,76.18 2 1
github.com/cmsgov/easi-app/pkg/handlers/system_intake.go:81.4,82.18 2 1
github.com/cmsgov/easi-app/pkg/handlers/system_intake.go:87.4,87.10 1 1
github.com/cmsgov/easi-app/pkg/handlers/system_intake.go:88.14,89.21 1 1
github.com/cmsgov/easi-app/pkg/handlers/system_intake.go:97.4,101.18 5 1
github.com/cmsgov/easi-app/pkg/handlers/system_intake.go:106.4,107.30 2 1
github.com/cmsgov/easi-app/pkg/handlers/system_intake.go:117.4,120.18 3 1
github.com/cmsgov/easi-app/pkg/handlers/system_intake.go:125.4,126.18 2 1
github.com/cmsgov/easi-app/pkg/handlers/system_intake.go:131.4,132.18 2 1
github.com/cmsgov/easi-app/pkg/handlers/system_intake.go:136.4,136.10 1 1
github.com/cmsgov/easi-app/pkg/handlers/system_intake.go:137.17,144.16 3 1
github.com/cmsgov/easi-app/pkg/handlers/system_intake.go:149.4,150.18 2 1
github.com/cmsgov/easi-app/pkg/handlers/system_intake.go:158.4,159.85 2 1
github.com/cmsgov/easi-app/pkg/handlers/system_intake.go:163.4,164.18 2 1
github.com/cmsgov/easi-app/pkg/handlers/system_intake.go:169.4,169.10 1 1
github.com/cmsgov/easi-app/pkg/handlers/system_intake.go:170.11,172.10 2 0
github.com/cmsgov/easi-app/pkg/handlers/system_intake.go:58.16,62.5 3 0
github.com/cmsgov/easi-app/pkg/handlers/system_intake.go:64.18,68.5 3 1
github.com/cmsgov/easi-app/pkg/handlers/system_intake.go:70.18,73.5 2 1
github.com/cmsgov/easi-app/pkg/handlers/system_intake.go:76.18,79.5 2 0
github.com/cmsgov/easi-app/pkg/handlers/system_intake.go:82.18,85.5 2 0
github.com/cmsgov/easi-app/pkg/handlers/system_intake.go:89.21,96.5 2 0
github.com/cmsgov/easi-app/pkg/handlers/system_intake.go:101.18,104.5 2 1
github.com/cmsgov/easi-app/pkg/handlers/system_intake.go:107.30,116.5 2 0
github.com/cmsgov/easi-app/pkg/handlers/system_intake.go:120.18,123.5 2 1
github.com/cmsgov/easi-app/pkg/handlers/system_intake.go:126.18,129.5 2 0
github.com/cmsgov/easi-app/pkg/handlers/system_intake.go:132.18,135.5 2 0
github.com/cmsgov/easi-app/pkg/handlers/system_intake.go:144.16,148.5 3 0
[...]
github.com/cmsgov/easi-app/pkg/services/system_intakes.go:441.3,445.17 5 0
github.com/cmsgov/easi-app/pkg/services/system_intakes.go:449.3,455.17 2 0
github.com/cmsgov/easi-app/pkg/services/system_intakes.go:459.3,459.26 1 0
github.com/cmsgov/easi-app/pkg/services/system_intakes.go:415.17,417.4 1 0
github.com/cmsgov/easi-app/pkg/services/system_intakes.go:420.17,422.4 1 0
github.com/cmsgov/easi-app/pkg/services/system_intakes.go:423.56,431.4 1 0
github.com/cmsgov/easi-app/pkg/services/system_intakes.go:433.71,435.4 1 0
github.com/cmsgov/easi-app/pkg/services/system_intakes.go:437.48,439.4 1 0
github.com/cmsgov/easi-app/pkg/services/system_intakes.go:445.17,447.4 1 0
github.com/cmsgov/easi-app/pkg/services/system_intakes.go:455.17,457.4 1 0
github.com/cmsgov/easi-app/pkg/storage/accessibility_request_status_record.go:16.182,17.40 1 1
github.com/cmsgov/easi-app/pkg/storage/accessibility_request_status_record.go:21.2,21.31 1 1
github.com/cmsgov/easi-app/pkg/storage/accessibility_request_status_record.go:25.2,44.16 4 1
github.com/cmsgov/easi-app/pkg/storage/accessibility_request_status_record.go:48.2,48.26 1 1
github.com/cmsgov/easi-app/pkg/storage/accessibility_request_status_record.go:17.40,19.3 1 1
github.com/cmsgov/easi-app/pkg/storage/accessibility_request_status_record.go:21.31,23.3 1 0
github.com/cmsgov/easi-app/pkg/storage/accessibility_request_status_record.go:44.16,47.3 2 0
github.com/cmsgov/easi-app/pkg/storage/accessibility_request_status_record.go:52.177,58.16 3 1
github.com/cmsgov/easi-app/pkg/storage/accessibility_request_status_record.go:62.2,62.27 1 1
github.com/cmsgov/easi-app/pkg/storage/accessibility_request_status_record.go:58.16,61.3 2 0
github.com/cmsgov/easi-app/pkg/storage/grt_feedback.go:17.118,44.16 7 0
github.com/cmsgov/easi-app/pkg/storage/grt_feedback.go:48.2,48.52 1 0
github.com/cmsgov/easi-app/pkg/storage/grt_feedback.go:44.16,47.3 2 0
github.com/cmsgov/easi-app/pkg/storage/grt_feedback.go:52.102,56.16 3 0
github.com/cmsgov/easi-app/pkg/storage/grt_feedback.go:68.2,68.26 1 0
github.com/cmsgov/easi-app/pkg/storage/grt_feedback.go:56.16,57.36 1 0
github.com/cmsgov/easi-app/pkg/storage/grt_feedback.go:60.3,65.4 2 0
github.com/cmsgov/easi-app/pkg/storage/grt_feedback.go:57.36,59.4 1 0
github.com/cmsgov/easi-app/pkg/storage/grt_feedback.go:72.117,76.16 3 0
github.com/cmsgov/easi-app/pkg/storage/grt_feedback.go:88.2,88.26 1 0
github.com/cmsgov/easi-app/pkg/storage/grt_feedback.go:76.16,77.36 1 0
github.com/cmsgov/easi-app/pkg/storage/grt_feedback.go:80.3,85.4 2 0
github.com/cmsgov/easi-app/pkg/storage/grt_feedback.go:77.36,79.4 1 0
github.com/cmsgov/easi-app/pkg/storage/test_date.go:17.106,46.16 7 1
github.com/cmsgov/easi-app/pkg/storage/test_date.go:50.2,50.46 1 1
github.com/cmsgov/easi-app/pkg/storage/test_date.go:46.16,49.3 2 0
github.com/cmsgov/easi-app/pkg/storage/test_date.go:54.96,58.16 3 1
github.com/cmsgov/easi-app/pkg/storage/test_date.go:70.2,70.23 1 1
github.com/cmsgov/easi-app/pkg/storage/test_date.go:58.16,59.36 1 0
github.com/cmsgov/easi-app/pkg/storage/test_date.go:62.3,67.4 2 0
github.com/cmsgov/easi-app/pkg/storage/test_date.go:59.36,61.4 1 0
github.com/cmsgov/easi-app/pkg/storage/test_date.go:74.113,78.50 3 0
github.com/cmsgov/easi-app/pkg/storage/test_date.go:86.2,86.21 1 0
github.com/cmsgov/easi-app/pkg/storage/test_date.go:78.50,85.3 2 0
github.com/cmsgov/easi-app/pkg/storage/test_date.go:90.106,106.16 5 1
github.com/cmsgov/easi-app/pkg/storage/test_date.go:110.2,110.46 1 1
github.com/cmsgov/easi-app/pkg/storage/test_date.go:106.16,109.3 2 0
github.com/cmsgov/easi-app/pkg/storage/test_date.go:114.106,132.16 6 0
github.com/cmsgov/easi-app/pkg/storage/test_date.go:137.2,137.46 1 0
github.com/cmsgov/easi-app/pkg/storage/test_date.go:132.16,135.3 2 0
github.com/cmsgov/easi-app/pkg/storage/accessibility_request_note.go:16.150,40.16 6 1
github.com/cmsgov/easi-app/pkg/storage/accessibility_request_note.go:44.2,44.58 1 1
github.com/cmsgov/easi-app/pkg/storage/accessibility_request_note.go:40.16,43.3 2 0
github.com/cmsgov/easi-app/pkg/storage/accessibility_request_note.go:48.128,54.16 3 1
github.com/cmsgov/easi-app/pkg/storage/accessibility_request_note.go:58.2,58.19 1 1
github.com/cmsgov/easi-app/pkg/storage/accessibility_request_note.go:54.16,57.3 2 0
github.com/cmsgov/easi-app/pkg/storage/accessibility_request_note.go:62.145,67.16 3 1
github.com/cmsgov/easi-app/pkg/storage/accessibility_request_note.go:71.2,71.19 1 1
github.com/cmsgov/easi-app/pkg/storage/accessibility_request_note.go:67.16,70.3 2 0
github.com/cmsgov/easi-app/pkg/storage/cedar_system_bookmark.go:16.150,38.16 7 1
github.com/cmsgov/easi-app/pkg/storage/cedar_system_bookmark.go:42.2,42.33 1 1
github.com/cmsgov/easi-app/pkg/storage/cedar_system_bookmark.go:38.16,41.3 2 0
github.com/cmsgov/easi-app/pkg/storage/cedar_system_bookmark.go:46.103,52.50 4 1
github.com/cmsgov/easi-app/pkg/storage/cedar_system_bookmark.go:60.2,60.21 1 1
github.com/cmsgov/easi-app/pkg/storage/cedar_system_bookmark.go:52.50,59.3 2 0
github.com/cmsgov/easi-app/pkg/storage/cedar_system_bookmark.go:64.150,74.16 4 0
github.com/cmsgov/easi-app/pkg/storage/cedar_system_bookmark.go:79.2,79.33 1 0
github.com/cmsgov/easi-app/pkg/storage/cedar_system_bookmark.go:74.16,77.3 2 0
github.com/cmsgov/easi-app/pkg/storage/system.go:18.76,20.2 1 0
github.com/cmsgov/easi-app/pkg/storage/system.go:36.76,39.16 3 1
github.com/cmsgov/easi-app/pkg/storage/system.go:47.2,47.21 1 1
github.com/cmsgov/easi-app/pkg/storage/system.go:39.16,40.36 1 0
github.com/cmsgov/easi-app/pkg/storage/system.go:43.3,44.18 2 0
github.com/cmsgov/easi-app/pkg/storage/system.go:40.36,42.4 1 0
github.com/cmsgov/easi-app/pkg/storage/system.go:66.104,70.16 3 0
github.com/cmsgov/easi-app/pkg/storage/system.go:82.2,82.21 1 0
github.com/cmsgov/easi-app/pkg/storage/system.go:70.16,71.36 1 0
github.com/cmsgov/easi-app/pkg/storage/system.go:74.3,79.4 2 0
github.com/cmsgov/easi-app/pkg/storage/system.go:71.36,73.4 1 0
github.com/cmsgov/easi-app/pkg/storage/accessibility_request_metrics.go:6.88,39.2 4 1
github.com/cmsgov/easi-app/pkg/storage/accessibility_request.go:18.141,19.28 1 1
github.com/cmsgov/easi-app/pkg/storage/accessibility_request.go:22.2,23.30 2 1
github.com/cmsgov/easi-app/pkg/storage/accessibility_request.go:26.2,26.30 1 1
github.com/cmsgov/easi-app/pkg/storage/accessibility_request.go:29.2,52.16 3 1
github.com/cmsgov/easi-app/pkg/storage/accessibility_request.go:56.2,56.57 1 1
github.com/cmsgov/easi-app/pkg/storage/accessibility_request.go:19.28,21.3 1 1
github.com/cmsgov/easi-app/pkg/storage/accessibility_request.go:23.30,25.3 1 1
github.com/cmsgov/easi-app/pkg/storage/accessibility_request.go:26.30,28.3 1 1
github.com/cmsgov/easi-app/pkg/storage/accessibility_request.go:52.16,55.3 2 0
github.com/cmsgov/easi-app/pkg/storage/accessibility_request.go:60.120,64.16 3 1
github.com/cmsgov/easi-app/pkg/storage/accessibility_request.go:76.2,76.22 1 1
github.com/cmsgov/easi-app/pkg/storage/accessibility_request.go:64.16,65.36 1 1
github.com/cmsgov/easi-app/pkg/storage/accessibility_request.go:68.3,73.4 2 0
github.com/cmsgov/easi-app/pkg/storage/accessibility_request.go:65.36,67.4 1 1
github.com/cmsgov/easi-app/pkg/storage/accessibility_request.go:80.136,84.16 3 1
github.com/cmsgov/easi-app/pkg/storage/accessibility_request.go:96.2,96.22 1 1
github.com/cmsgov/easi-app/pkg/storage/accessibility_request.go:84.16,85.36 1 0
github.com/cmsgov/easi-app/pkg/storage/accessibility_request.go:88.3,93.4 2 0
github.com/cmsgov/easi-app/pkg/storage/accessibility_request.go:85.36,87.4 1 0
github.com/cmsgov/easi-app/pkg/storage/accessibility_request.go:101.104,105.16 3 1
github.com/cmsgov/easi-app/pkg/storage/accessibility_request.go:116.2,116.22 1 1
github.com/cmsgov/easi-app/pkg/storage/accessibility_request.go:105.16,106.36 1 0
github.com/cmsgov/easi-app/pkg/storage/accessibility_request.go:109.3,113.4 2 0
github.com/cmsgov/easi-app/pkg/storage/accessibility_request.go:106.36,108.4 1 0
github.com/cmsgov/easi-app/pkg/storage/accessibility_request.go:120.133,127.2 3 1
github.com/cmsgov/easi-app/pkg/storage/accessibility_request.go:130.163,132.16 2 1
github.com/cmsgov/easi-app/pkg/storage/accessibility_request.go:136.2,142.16 2 1
github.com/cmsgov/easi-app/pkg/storage/accessibility_request.go:146.2,146.28 1 1
github.com/cmsgov/easi-app/pkg/storage/accessibility_request.go:132.16,134.3 1 0
github.com/cmsgov/easi-app/pkg/storage/accessibility_request.go:142.16,144.3 1 0
github.com/cmsgov/easi-app/pkg/storage/accessibility_request.go:150.153,180.16 6 1
github.com/cmsgov/easi-app/pkg/storage/accessibility_request.go:183.2,187.21 4 1
github.com/cmsgov/easi-app/pkg/storage/accessibility_request.go:180.16,182.3 1 0
github.com/cmsgov/easi-app/pkg/storage/accessibility_request_document.go:19.162,55.16 7 1
github.com/cmsgov/easi-app/pkg/storage/accessibility_request_document.go:59.2,59.62 1 1
github.com/cmsgov/easi-app/pkg/storage/accessibility_request_document.go:55.16,58.3 2 0
github.com/cmsgov/easi-app/pkg/storage/accessibility_request_document.go:62.74,64.50 2 1
github.com/cmsgov/easi-app/pkg/storage/accessibility_request_document.go:74.2,74.69 1 1
github.com/cmsgov/easi-app/pkg/storage/accessibility_request_document.go:64.50,65.50 1 0
github.com/cmsgov/easi-app/pkg/storage/accessibility_request_document.go:69.3,69.49 1 0
github.com/cmsgov/easi-app/pkg/storage/accessibility_request_document.go:65.50,67.4 1 0
github.com/cmsgov/easi-app/pkg/storage/accessibility_request_document.go:69.49,71.4 1 0
github.com/cmsgov/easi-app/pkg/storage/accessibility_request_document.go:78.136,82.16 3 1
github.com/cmsgov/easi-app/pkg/storage/accessibility_request_document.go:92.2,94.23 2 1
github.com/cmsgov/easi-app/pkg/storage/accessibility_request_document.go:82.16,85.36 2 0
github.com/cmsgov/easi-app/pkg/storage/accessibility_request_document.go:89.3,89.18 1 0
github.com/cmsgov/easi-app/pkg/storage/accessibility_request_document.go:85.36,87.4 1 0
github.com/cmsgov/easi-app/pkg/storage/accessibility_request_document.go:98.139,99.20 1 0
github.com/cmsgov/easi-app/pkg/storage/accessibility_request_document.go:103.2,108.16 3 0
github.com/cmsgov/easi-app/pkg/storage/accessibility_request_document.go:119.2,119.35 1 0
github.com/cmsgov/easi-app/pkg/storage/accessibility_request_document.go:123.2,123.21 1 0
github.com/cmsgov/easi-app/pkg/storage/accessibility_request_document.go:99.20,101.3 1 0
github.com/cmsgov/easi-app/pkg/storage/accessibility_request_document.go:108.16,111.36 2 0
github.com/cmsgov/easi-app/pkg/storage/accessibility_request_document.go:116.3,116.18 1 0
github.com/cmsgov/easi-app/pkg/storage/accessibility_request_document.go:111.36,114.4 1 0
github.com/cmsgov/easi-app/pkg/storage/accessibility_request_document.go:119.35,121.3 1 0
github.com/cmsgov/easi-app/pkg/storage/accessibility_request_document.go:127.91,134.2 3 1
github.com/cmsgov/easi-app/pkg/storage/action.go:16.98,19.29 3 1
github.com/cmsgov/easi-app/pkg/storage/action.go:23.2,64.16 3 1
github.com/cmsgov/easi-app/pkg/storage/action.go:71.2,71.20 1 1
github.com/cmsgov/easi-app/pkg/storage/action.go:19.29,22.3 2 1
github.com/cmsgov/easi-app/pkg/storage/action.go:64.16,70.3 2 1
github.com/cmsgov/easi-app/pkg/storage/action.go:75.99,86.16 4 1
github.com/cmsgov/easi-app/pkg/storage/action.go:98.2,98.21 1 1
github.com/cmsgov/easi-app/pkg/storage/action.go:86.16,97.3 2 0
github.com/cmsgov/easi-app/pkg/storage/business_case.go:31.104,47.16 4 1
github.com/cmsgov/easi-app/pkg/storage/business_case.go:57.2,57.27 1 1
github.com/cmsgov/easi-app/pkg/storage/business_case.go:47.16,52.36 2 1
github.com/cmsgov/easi-app/pkg/storage/business_case.go:55.3,55.18 1 0
github.com/cmsgov/easi-app/pkg/storage/business_case.go:52.36,54.4 1 1
github.com/cmsgov/easi-app/pkg/storage/business_case.go:61.120,74.16 4 1
github.com/cmsgov/easi-app/pkg/storage/business_case.go:84.2,84.27 1 1
github.com/cmsgov/easi-app/pkg/storage/business_case.go:74.16,79.36 2 0
github.com/cmsgov/easi-app/pkg/storage/business_case.go:82.3,82.18 1 0
github.com/cmsgov/easi-app/pkg/storage/business_case.go:79.36,81.4 1 0
github.com/cmsgov/easi-app/pkg/storage/business_case.go:87.111,106.49 2 1
github.com/cmsgov/easi-app/pkg/storage/business_case.go:125.2,125.12 1 1
github.com/cmsgov/easi-app/pkg/storage/business_case.go:106.49,111.17 5 1
github.com/cmsgov/easi-app/pkg/storage/business_case.go:111.17,123.4 2 0
github.com/cmsgov/easi-app/pkg/storage/business_case.go:129.122,252.16 8 1
github.com/cmsgov/easi-app/pkg/storage/business_case.go:272.2,273.16 2 1
github.com/cmsgov/easi-app/pkg/storage/business_case.go:285.2,286.16 2 1
github.com/cmsgov/easi-app/pkg/storage/business_case.go:299.2,299.26 1 1
github.com/cmsgov/easi-app/pkg/storage/business_case.go:252.16,258.105 2 1
github.com/cmsgov/easi-app/pkg/storage/business_case.go:266.3,270.4 1 1
github.com/cmsgov/easi-app/pkg/storage/business_case.go:258.105,265.4 1 0
github.com/cmsgov/easi-app/pkg/storage/business_case.go:273.16,284.3 2 0
github.com/cmsgov/easi-app/pkg/storage/business_case.go:286.16,297.3 2 0
github.com/cmsgov/easi-app/pkg/storage/business_case.go:303.122,374.16 7 1
github.com/cmsgov/easi-app/pkg/storage/business_case.go:381.2,382.49 2 1
github.com/cmsgov/easi-app/pkg/storage/business_case.go:390.2,391.16 2 1
github.com/cmsgov/easi-app/pkg/storage/business_case.go:399.2,400.16 2 1
github.com/cmsgov/easi-app/pkg/storage/business_case.go:404.2,405.16 2 1
github.com/cmsgov/easi-app/pkg/storage/business_case.go:414.2,414.26 1 1
github.com/cmsgov/easi-app/pkg/storage/business_case.go:374.16,380.3 2 0
github.com/cmsgov/easi-app/pkg/storage/business_case.go:382.49,388.3 2 1
github.com/cmsgov/easi-app/pkg/storage/business_case.go:391.16,397.3 2 0
github.com/cmsgov/easi-app/pkg/storage/business_case.go:400.16,402.3 1 0
github.com/cmsgov/easi-app/pkg/storage/business_case.go:405.16,411.3 2 0
github.com/cmsgov/easi-app/pkg/storage/note.go:18.90,20.27 2 1
github.com/cmsgov/easi-app/pkg/storage/note.go:24.2,46.16 3 1
github.com/cmsgov/easi-app/pkg/storage/note.go:57.2,57.38 1 1
github.com/cmsgov/easi-app/pkg/storage/note.go:20.27,23.3 2 1
github.com/cmsgov/easi-app/pkg/storage/note.go:46.16,56.3 2 1
github.com/cmsgov/easi-app/pkg/storage/note.go:61.88,64.16 3 1
github.com/cmsgov/easi-app/pkg/storage/note.go:74.2,74.19 1 1
github.com/cmsgov/easi-app/pkg/storage/note.go:64.16,69.36 2 0
github.com/cmsgov/easi-app/pkg/storage/note.go:72.3,72.18 1 0
github.com/cmsgov/easi-app/pkg/storage/note.go:69.36,71.4 1 0
github.com/cmsgov/easi-app/pkg/storage/note.go:78.103,81.16 3 1
github.com/cmsgov/easi-app/pkg/storage/note.go:88.2,88.19 1 1
github.com/cmsgov/easi-app/pkg/storage/note.go:81.16,87.3 2 0
github.com/cmsgov/easi-app/pkg/storage/requests.go:32.73,76.16 6 1
github.com/cmsgov/easi-app/pkg/storage/requests.go:87.2,87.22 1 1
github.com/cmsgov/easi-app/pkg/storage/requests.go:76.16,77.36 1 0
github.com/cmsgov/easi-app/pkg/storage/requests.go:80.3,84.4 2 0
github.com/cmsgov/easi-app/pkg/storage/requests.go:77.36,79.4 1 0
github.com/cmsgov/easi-app/pkg/storage/store.go:38.19,41.16 2 1
github.com/cmsgov/easi-app/pkg/storage/store.go:45.2,56.16 3 1
github.com/cmsgov/easi-app/pkg/storage/store.go:59.2,67.8 2 1
github.com/cmsgov/easi-app/pkg/storage/store.go:41.16,43.3 1 0
github.com/cmsgov/easi-app/pkg/storage/store.go:56.16,58.3 1 0
github.com/cmsgov/easi-app/pkg/storage/system_intake.go:20.116,21.27 1 1
github.com/cmsgov/easi-app/pkg/storage/system_intake.go:24.2,25.29 2 1
github.com/cmsgov/easi-app/pkg/storage/system_intake.go:28.2,28.29 1 1
github.com/cmsgov/easi-app/pkg/storage/system_intake.go:31.2,124.16 3 1
github.com/cmsgov/easi-app/pkg/storage/system_intake.go:131.2,131.48 1 1
github.com/cmsgov/easi-app/pkg/storage/system_intake.go:21.27,23.3 1 1
github.com/cmsgov/easi-app/pkg/storage/system_intake.go:25.29,27.3 1 1
github.com/cmsgov/easi-app/pkg/storage/system_intake.go:28.29,30.3 1 1
github.com/cmsgov/easi-app/pkg/storage/system_intake.go:124.16,130.3 2 1
github.com/cmsgov/easi-app/pkg/storage/system_intake.go:135.116,195.16 3 1
github.com/cmsgov/easi-app/pkg/storage/system_intake.go:209.2,209.48 1 1
github.com/cmsgov/easi-app/pkg/storage/system_intake.go:195.16,206.3 2 1
github.com/cmsgov/easi-app/pkg/storage/system_intake.go:222.104,228.16 4 1
github.com/cmsgov/easi-app/pkg/storage/system_intake.go:249.2,249.21 1 1
github.com/cmsgov/easi-app/pkg/storage/system_intake.go:228.16,229.36 1 1
github.com/cmsgov/easi-app/pkg/storage/system_intake.go:237.3,246.4 2 0
github.com/cmsgov/easi-app/pkg/storage/system_intake.go:229.36,236.4 2 1
github.com/cmsgov/easi-app/pkg/storage/system_intake.go:255.119,261.16 4 0
github.com/cmsgov/easi-app/pkg/storage/system_intake.go:269.2,269.22 1 0
github.com/cmsgov/easi-app/pkg/storage/system_intake.go:277.2,277.23 1 0
github.com/cmsgov/easi-app/pkg/storage/system_intake.go:281.2,282.21 2 0
github.com/cmsgov/easi-app/pkg/storage/system_intake.go:261.16,267.3 2 0
github.com/cmsgov/easi-app/pkg/storage/system_intake.go:269.22,275.3 1 0
github.com/cmsgov/easi-app/pkg/storage/system_intake.go:277.23,279.3 1 0
github.com/cmsgov/easi-app/pkg/storage/system_intake.go:286.108,292.16 4 1
github.com/cmsgov/easi-app/pkg/storage/system_intake.go:299.2,299.21 1 1
github.com/cmsgov/easi-app/pkg/storage/system_intake.go:292.16,298.3 2 0
github.com/cmsgov/easi-app/pkg/storage/system_intake.go:303.87,306.16 3 1
github.com/cmsgov/easi-app/pkg/storage/system_intake.go:310.2,310.21 1 1
github.com/cmsgov/easi-app/pkg/storage/system_intake.go:306.16,309.3 2 0
github.com/cmsgov/easi-app/pkg/storage/system_intake.go:314.142,334.16 4 1
github.com/cmsgov/easi-app/pkg/storage/system_intake.go:338.2,340.16 3 1
github.com/cmsgov/easi-app/pkg/storage/system_intake.go:344.2,344.21 1 1
github.com/cmsgov/easi-app/pkg/storage/system_intake.go:334.16,337.3 2 0
github.com/cmsgov/easi-app/pkg/storage/system_intake.go:340.16,343.3 2 0
github.com/cmsgov/easi-app/pkg/storage/system_intake.go:347.70,349.2 1 1
github.com/cmsgov/easi-app/pkg/storage/system_intake.go:360.74,365.63 4 1
github.com/cmsgov/easi-app/pkg/storage/system_intake.go:368.2,368.48 1 1
github.com/cmsgov/easi-app/pkg/storage/system_intake.go:365.63,367.3 1 0
github.com/cmsgov/easi-app/pkg/storage/system_intake.go:372.139,419.16 8 1
github.com/cmsgov/easi-app/pkg/storage/system_intake.go:422.2,432.16 5 1
github.com/cmsgov/easi-app/pkg/storage/system_intake.go:435.2,438.21 3 1
github.com/cmsgov/easi-app/pkg/storage/system_intake.go:419.16,421.3 1 0
github.com/cmsgov/easi-app/pkg/storage/system_intake.go:432.16,434.3 1 0
github.com/cmsgov/easi-app/pkg/storage/system_intake.go:442.102,464.2 7 1
github.com/cmsgov/easi-app/pkg/storage/system_intake.go:467.140,475.20 2 1
github.com/cmsgov/easi-app/pkg/storage/system_intake.go:479.2,479.20 1 1
github.com/cmsgov/easi-app/pkg/storage/system_intake.go:483.2,499.16 5 1
github.com/cmsgov/easi-app/pkg/storage/system_intake.go:503.2,503.48 1 1
github.com/cmsgov/easi-app/pkg/storage/system_intake.go:475.20,477.3 1 1
github.com/cmsgov/easi-app/pkg/storage/system_intake.go:479.20,481.3 1 1
github.com/cmsgov/easi-app/pkg/storage/system_intake.go:499.16,501.3 1 0
github.com/cmsgov/easi-app/pkg/storage/system_intake.go:507.144,529.16 7 0
github.com/cmsgov/easi-app/pkg/storage/system_intake.go:533.2,533.48 1 0
github.com/cmsgov/easi-app/pkg/storage/system_intake.go:529.16,531.3 1 0
github.com/cmsgov/easi-app/pkg/validate/types.go:14.43,16.2 1 1
github.com/cmsgov/easi-app/pkg/validate/types.go:19.47,21.2 1 1
github.com/cmsgov/easi-app/pkg/validate/types.go:24.35,26.2 1 1
github.com/cmsgov/easi-app/pkg/validate/types.go:29.36,31.2 1 1
github.com/cmsgov/easi-app/pkg/validate/types.go:34.37,36.2 1 1
github.com/cmsgov/easi-app/pkg/validate/types.go:39.30,41.2 1 1
github.com/cmsgov/easi-app/pkg/validate/types.go:44.54,46.64 2 1
github.com/cmsgov/easi-app/pkg/validate/types.go:49.2,49.13 1 1
github.com/cmsgov/easi-app/pkg/validate/types.go:46.64,48.3 1 1
github.com/cmsgov/easi-app/pkg/validate/types.go:53.58,55.2 1 1
